GROUP,PACKAGE,CLASS,INSTRUCTION_MISSED,INSTRUCTION_COVERED,BRANCH_MISSED,BRANCH_COVERED,LINE_MISSED,LINE_COVERED,COMPLEXITY_MISSED,COMPLEXITY_COVERED,METHOD_MISSED,METHOD_COVERED
WrzasqPl::AWS::EdgeDeploy resource,pl.wrzasq.cform.resource.aws.edgedeploy.action,DeleteHandler,0,138,0,2,0,25,0,6,0,5
WrzasqPl::AWS::EdgeDeploy resource,pl.wrzasq.cform.resource.aws.edgedeploy.action,UpdateHandlerKt,30,93,3,7,2,14,3,5,0,2
WrzasqPl::AWS::EdgeDeploy resource,pl.wrzasq.cform.resource.aws.edgedeploy.action,CreateHandler,9,253,0,2,1,47,0,9,0,8
WrzasqPl::AWS::EdgeDeploy resource,pl.wrzasq.cform.resource.aws.edgedeploy.action,UpdateHandler,18,642,0,10,2,123,0,21,0,16
WrzasqPl::AWS::EdgeDeploy resource,pl.wrzasq.cform.resource.aws.edgedeploy.action,ReadHandler,0,199,0,2,0,34,0,6,0,5
WrzasqPl::AWS::EdgeDeploy resource,pl.wrzasq.cform.resource.aws.edgedeploy.zip,ZipBuilderKt,5,58,0,0,0,7,0,1,0,1
WrzasqPl::AWS::EdgeDeploy resource,pl.wrzasq.cform.resource.aws.edgedeploy.zip,ZipBuilder,0,139,0,2,0,22,0,9,0,8
WrzasqPl::AWS::EdgeDeploy resource,pl.wrzasq.cform.resource.aws.edgedeploy.model,ResourceModel,65,104,8,0,10,17,8,26,4,26
WrzasqPl::AWS::EdgeDeploy resource,pl.wrzasq.cform.resource.aws.edgedeploy.model,ResourceModelKt,47,363,3,5,4,62,4,11,1,10
WrzasqPl::AWS::EdgeDeploy resource,pl.wrzasq.cform.resource.aws.edgedeploy.model,ResourceModel.Companion,4,2,0,0,2,1,2,1,2,1
WrzasqPl::AWS::EdgeDeploy resource,pl.wrzasq.cform.resource.aws.edgedeploy.config,LambdaResourcesFactory.readHandler.new Function0() {...},7,0,0,0,1,0,1,0,1,0
WrzasqPl::AWS::EdgeDeploy resource,pl.wrzasq.cform.resource.aws.edgedeploy.config,LambdaResourcesFactory.deleteHandler.new Function0() {...},7,0,0,0,1,0,1,0,1,0
WrzasqPl::AWS::EdgeDeploy resource,pl.wrzasq.cform.resource.aws.edgedeploy.config,LambdaResourcesFactory.lambdaHandler.new Function0() {...},16,0,0,0,3,0,1,0,1,0
WrzasqPl::AWS::EdgeDeploy resource,pl.wrzasq.cform.resource.aws.edgedeploy.config,LambdaResourcesFactory.lambdaHandler.2.new ResourceLambdaHandler() {...},57,0,4,0,8,0,6,0,4,0
WrzasqPl::AWS::EdgeDeploy resource,pl.wrzasq.cform.resource.aws.edgedeploy.config,LambdaResourcesFactory.getResourceTypeReference.new TypeReference() {...},3,0,0,0,1,0,1,0,1,0
WrzasqPl::AWS::EdgeDeploy resource,pl.wrzasq.cform.resource.aws.edgedeploy.config,LambdaResourcesFactory.updateHandler.new Function0() {...},14,0,0,0,1,0,1,0,1,0
WrzasqPl::AWS::EdgeDeploy resource,pl.wrzasq.cform.resource.aws.edgedeploy.config,LambdaResourcesFactory.getRequestTypeReference.new TypeReference() {...},3,0,0,0,1,0,1,0,1,0
WrzasqPl::AWS::EdgeDeploy resource,pl.wrzasq.cform.resource.aws.edgedeploy.config,LambdaResourcesFactory,166,0,0,0,22,0,14,0,14,0
WrzasqPl::AWS::EdgeDeploy resource,pl.wrzasq.cform.resource.aws.edgedeploy.config,LambdaResourcesFactory.createHandler.new Function0() {...},14,0,0,0,1,0,1,0,1,0
