<?xml version="1.0" encoding="UTF-8" standalone="yes"?><!DOCTYPE report PUBLIC "-//JACOCO//DTD Report 1.1//EN" "report.dtd"><report name="CloudFormation macro processor."><sessioninfo id="fv-az296-648-6ccce32" start="1636984625762" dump="1636984634494"/><package name="pl/wrzasq/cform/macro/apigateway"><class name="pl/wrzasq/cform/macro/apigateway/ApiMethod" sourcefilename="ApiMethod.kt"><method name="&lt;init&gt;" desc="(Lpl/wrzasq/cform/macro/apigateway/ApiGateway;Ljava/lang/String;Ljava/lang/Object;Ljava/lang/String;Ljava/util/Map;)V" line="26"><counter type="INSTRUCTION" missed="0" covered="88"/><counter type="LINE" missed="0" covered="15"/><counter type="COMPLEXITY" missed="0" covered="1"/><counter type="METHOD" missed="0" covered="1"/></method><method name="getId" desc="()Ljava/lang/String;" line="28"><counter type="INSTRUCTION" missed="3" covered="0"/><counter type="LINE" missed="1" covered="0"/><counter type="COMPLEXITY" missed="1" covered="0"/><counter type="METHOD" missed="1" covered="0"/></method><method name="getResourceId" desc="()Ljava/lang/String;" line="59"><counter type="INSTRUCTION" missed="0" covered="14"/><counter type="LINE" missed="0" covered="1"/><counter type="COMPLEXITY" missed="0" covered="1"/><counter type="METHOD" missed="0" covered="1"/></method><method name="generateResource" desc="()Lpl/wrzasq/cform/macro/model/ResourceDefinition;" line="66"><counter type="INSTRUCTION" missed="0" covered="42"/><counter type="LINE" missed="0" covered="8"/><counter type="COMPLEXITY" missed="0" covered="1"/><counter type="METHOD" missed="0" covered="1"/></method><method name="initIntegration" desc="(Ljava/util/Map;)Ljava/util/Map;" line="77"><counter type="INSTRUCTION" missed="0" covered="49"/><counter type="LINE" missed="0" covered="8"/><counter type="COMPLEXITY" missed="0" covered="1"/><counter type="METHOD" missed="0" covered="1"/></method><counter type="INSTRUCTION" missed="3" covered="193"/><counter type="LINE" missed="0" covered="32"/><counter type="COMPLEXITY" missed="1" covered="4"/><counter type="METHOD" missed="1" covered="4"/><counter type="CLASS" missed="0" covered="1"/></class><class name="pl/wrzasq/cform/macro/apigateway/ApiRequestValidator" sourcefilename="ApiRequestValidator.kt"><method name="&lt;init&gt;" desc="(Lpl/wrzasq/cform/macro/apigateway/ApiGateway;Ljava/lang/String;ZZ)V" line="20"><counter type="INSTRUCTION" missed="0" covered="21"/><counter type="LINE" missed="0" covered="5"/><counter type="COMPLEXITY" missed="0" covered="1"/><counter type="METHOD" missed="0" covered="1"/></method><method name="getId" desc="()Ljava/lang/String;" line="22"><counter type="INSTRUCTION" missed="3" covered="0"/><counter type="LINE" missed="1" covered="0"/><counter type="COMPLEXITY" missed="1" covered="0"/><counter type="METHOD" missed="1" covered="0"/></method><method name="getResourceId" desc="()Ljava/lang/String;" line="27"><counter type="INSTRUCTION" missed="0" covered="14"/><counter type="LINE" missed="0" covered="1"/><counter type="COMPLEXITY" missed="0" covered="1"/><counter type="METHOD" missed="0" covered="1"/></method><method name="generateResource" desc="()Lpl/wrzasq/cform/macro/model/ResourceDefinition;" line="34"><counter type="INSTRUCTION" missed="0" covered="41"/><counter type="LINE" missed="0" covered="8"/><counter type="COMPLEXITY" missed="0" covered="1"/><counter type="METHOD" missed="0" covered="1"/></method><counter type="INSTRUCTION" missed="3" covered="76"/><counter type="LINE" missed="0" covered="14"/><counter type="COMPLEXITY" missed="1" covered="3"/><counter type="METHOD" missed="1" covered="3"/><counter type="CLASS" missed="0" covered="1"/></class><class name="pl/wrzasq/cform/macro/apigateway/ApiGateway" sourcefilename="ApiGateway.kt"><method name="&lt;init&gt;" desc="(Ljava/lang/String;Ljava/util/Map;)V" line="23"><counter type="INSTRUCTION" missed="0" covered="95"/><counter type="LINE" missed="0" covered="14"/><counter type="COMPLEXITY" missed="0" covered="1"/><counter type="METHOD" missed="0" covered="1"/></method><method name="getId" desc="()Ljava/lang/String;" line="24"><counter type="INSTRUCTION" missed="3" covered="0"/><counter type="LINE" missed="1" covered="0"/><counter type="COMPLEXITY" missed="1" covered="0"/><counter type="METHOD" missed="1" covered="0"/></method><method name="getAuthorizers" desc="()Ljava/util/Map;" line="32"><counter type="INSTRUCTION" missed="0" covered="3"/><counter type="LINE" missed="0" covered="1"/><counter type="COMPLEXITY" missed="0" covered="1"/><counter type="METHOD" missed="0" covered="1"/></method><method name="getResourceId" desc="()Ljava/lang/String;" line="59"><counter type="INSTRUCTION" missed="0" covered="5"/><counter type="LINE" missed="0" covered="1"/><counter type="COMPLEXITY" missed="0" covered="1"/><counter type="METHOD" missed="0" covered="1"/></method><method name="getValidator" desc="(Ljava/lang/String;)Lpl/wrzasq/cform/macro/apigateway/ApiRequestValidator;" line="67"><counter type="INSTRUCTION" missed="0" covered="16"/><counter type="LINE" missed="0" covered="2"/><counter type="COMPLEXITY" missed="0" covered="1"/><counter type="METHOD" missed="0" covered="1"/></method><method name="generateResources" desc="()Ljava/util/List;" line="82"><counter type="INSTRUCTION" missed="0" covered="206"/><counter type="LINE" missed="0" covered="18"/><counter type="COMPLEXITY" missed="0" covered="1"/><counter type="METHOD" missed="0" covered="1"/></method><method name="computeDeploymentHash" desc="(Ljava/util/List;)Ljava/lang/String;" line="114"><counter type="INSTRUCTION" missed="0" covered="17"/><counter type="LINE" missed="0" covered="2"/><counter type="COMPLEXITY" missed="0" covered="1"/><counter type="METHOD" missed="0" covered="1"/></method><method name="initTree" desc="(Ljava/lang/Object;Ljava/util/Map;Ljava/lang/String;Ljava/lang/String;)V" line="124"><counter type="INSTRUCTION" missed="0" covered="152"/><counter type="BRANCH" missed="0" covered="6"/><counter type="LINE" missed="0" covered="15"/><counter type="COMPLEXITY" missed="0" covered="4"/><counter type="METHOD" missed="0" covered="1"/></method><method name="initTree$default" desc="(Lpl/wrzasq/cform/macro/apigateway/ApiGateway;Ljava/lang/Object;Ljava/util/Map;Ljava/lang/String;Ljava/lang/String;ILjava/lang/Object;)V" line="118"><counter type="INSTRUCTION" missed="0" covered="17"/><counter type="LINE" missed="0" covered="3"/><counter type="COMPLEXITY" missed="0" covered="1"/><counter type="METHOD" missed="0" covered="1"/></method><method name="generateResourceId" desc="(Ljava/lang/String;Ljava/lang/String;)Ljava/lang/String;" line="150"><counter type="INSTRUCTION" missed="7" covered="76"/><counter type="BRANCH" missed="3" covered="3"/><counter type="LINE" missed="1" covered="4"/><counter type="COMPLEXITY" missed="3" covered="1"/><counter type="METHOD" missed="0" covered="1"/></method><method name="resolve" desc="(Ljava/util/List;)Ljava/lang/String;" line="167"><counter type="INSTRUCTION" missed="0" covered="148"/><counter type="BRANCH" missed="0" covered="20"/><counter type="LINE" missed="0" covered="15"/><counter type="COMPLEXITY" missed="0" covered="13"/><counter type="METHOD" missed="0" covered="1"/></method><method name="getValidator$lambda-0" desc="(Lpl/wrzasq/cform/macro/apigateway/ApiGateway;Ljava/lang/String;)Lpl/wrzasq/cform/macro/apigateway/ApiRequestValidator;" line="68"><counter type="INSTRUCTION" missed="0" covered="50"/><counter type="BRANCH" missed="0" covered="4"/><counter type="LINE" missed="0" covered="5"/><counter type="COMPLEXITY" missed="0" covered="4"/><counter type="METHOD" missed="0" covered="1"/></method><counter type="INSTRUCTION" missed="10" covered="785"/><counter type="BRANCH" missed="3" covered="33"/><counter type="LINE" missed="1" covered="79"/><counter type="COMPLEXITY" missed="4" covered="29"/><counter type="METHOD" missed="1" covered="11"/><counter type="CLASS" missed="0" covered="1"/></class><class name="pl/wrzasq/cform/macro/apigateway/ApiTemplateResourceKt" sourcefilename="ApiTemplateResource.kt"><method name="ref" desc="(Lpl/wrzasq/cform/macro/apigateway/ApiTemplateResource;)Ljava/util/Map;" line="29"><counter type="INSTRUCTION" missed="0" covered="8"/><counter type="LINE" missed="0" covered="1"/><counter type="COMPLEXITY" missed="0" covered="1"/><counter type="METHOD" missed="0" covered="1"/></method><method name="getAtt" desc="(Lpl/wrzasq/cform/macro/apigateway/ApiTemplateResource;Ljava/lang/String;)Ljava/util/Map;" line="37"><counter type="INSTRUCTION" missed="12" covered="0"/><counter type="LINE" missed="1" covered="0"/><counter type="COMPLEXITY" missed="1" covered="0"/><counter type="METHOD" missed="1" covered="0"/></method><counter type="INSTRUCTION" missed="12" covered="8"/><counter type="LINE" missed="1" covered="1"/><counter type="COMPLEXITY" missed="1" covered="1"/><counter type="METHOD" missed="1" covered="1"/><counter type="CLASS" missed="0" covered="1"/></class><class name="pl/wrzasq/cform/macro/apigateway/ApiMethodKt" sourcefilename="ApiMethod.kt"><method name="unfoldResponses" desc="(Ljava/lang/Object;)Ljava/lang/Object;" line="91"><counter type="INSTRUCTION" missed="0" covered="26"/><counter type="BRANCH" missed="0" covered="2"/><counter type="LINE" missed="0" covered="5"/><counter type="COMPLEXITY" missed="0" covered="2"/><counter type="METHOD" missed="0" covered="1"/></method><counter type="INSTRUCTION" missed="0" covered="26"/><counter type="BRANCH" missed="0" covered="2"/><counter type="LINE" missed="0" covered="5"/><counter type="COMPLEXITY" missed="0" covered="2"/><counter type="METHOD" missed="0" covered="1"/><counter type="CLASS" missed="0" covered="1"/></class><class name="pl/wrzasq/cform/macro/apigateway/ApiGatewayManager$expandString$1" sourcefilename="ApiGatewayManager.kt"><method name="invoke" desc="(Lkotlin/text/MatchResult;)Ljava/lang/CharSequence;" line="99"><counter type="INSTRUCTION" missed="0" covered="10"/><counter type="LINE" missed="0" covered="1"/><counter type="COMPLEXITY" missed="0" covered="1"/><counter type="METHOD" missed="0" covered="1"/></method><counter type="INSTRUCTION" missed="0" covered="10"/><counter type="LINE" missed="0" covered="1"/><counter type="COMPLEXITY" missed="0" covered="1"/><counter type="METHOD" missed="0" covered="1"/><counter type="CLASS" missed="0" covered="1"/></class><class name="pl/wrzasq/cform/macro/apigateway/ApiGatewayManager$expandString$2" sourcefilename="ApiGatewayManager.kt"><method name="invoke" desc="(Lkotlin/text/MatchResult;)Ljava/lang/CharSequence;" line="101"><counter type="INSTRUCTION" missed="0" covered="19"/><counter type="LINE" missed="0" covered="1"/><counter type="COMPLEXITY" missed="0" covered="1"/><counter type="METHOD" missed="0" covered="1"/></method><counter type="INSTRUCTION" missed="0" covered="19"/><counter type="LINE" missed="0" covered="1"/><counter type="COMPLEXITY" missed="0" covered="1"/><counter type="METHOD" missed="0" covered="1"/><counter type="CLASS" missed="0" covered="1"/></class><class name="pl/wrzasq/cform/macro/apigateway/ApiResource" sourcefilename="ApiResource.kt"><method name="&lt;init&gt;" desc="(Lpl/wrzasq/cform/macro/apigateway/ApiGateway;Ljava/lang/String;Ljava/lang/Object;Ljava/lang/String;)V" line="20"><counter type="INSTRUCTION" missed="0" covered="27"/><counter type="LINE" missed="0" covered="5"/><counter type="COMPLEXITY" missed="0" covered="1"/><counter type="METHOD" missed="0" covered="1"/></method><method name="getId" desc="()Ljava/lang/String;" line="22"><counter type="INSTRUCTION" missed="3" covered="0"/><counter type="LINE" missed="1" covered="0"/><counter type="COMPLEXITY" missed="1" covered="0"/><counter type="METHOD" missed="1" covered="0"/></method><method name="getResourceId" desc="()Ljava/lang/String;" line="27"><counter type="INSTRUCTION" missed="0" covered="14"/><counter type="LINE" missed="0" covered="1"/><counter type="COMPLEXITY" missed="0" covered="1"/><counter type="METHOD" missed="0" covered="1"/></method><method name="generateResource" desc="()Lpl/wrzasq/cform/macro/model/ResourceDefinition;" line="34"><counter type="INSTRUCTION" missed="0" covered="39"/><counter type="LINE" missed="0" covered="8"/><counter type="COMPLEXITY" missed="0" covered="1"/><counter type="METHOD" missed="0" covered="1"/></method><counter type="INSTRUCTION" missed="3" covered="80"/><counter type="LINE" missed="0" covered="14"/><counter type="COMPLEXITY" missed="1" covered="3"/><counter type="METHOD" missed="1" covered="3"/><counter type="CLASS" missed="0" covered="1"/></class><class name="pl/wrzasq/cform/macro/apigateway/ApiAuthorizer$leftover$2" sourcefilename="ApiAuthorizer.kt"><method name="invoke" desc="(Ljava/lang/Object;)V" line="35"><counter type="INSTRUCTION" missed="0" covered="22"/><counter type="LINE" missed="0" covered="1"/><counter type="COMPLEXITY" missed="0" covered="1"/><counter type="METHOD" missed="0" covered="1"/></method><counter type="INSTRUCTION" missed="0" covered="22"/><counter type="LINE" missed="0" covered="1"/><counter type="COMPLEXITY" missed="0" covered="1"/><counter type="METHOD" missed="0" covered="1"/><counter type="CLASS" missed="0" covered="1"/></class><class name="pl/wrzasq/cform/macro/apigateway/ApiAuthorizer" sourcefilename="ApiAuthorizer.kt"><method name="&lt;init&gt;" desc="(Lpl/wrzasq/cform/macro/apigateway/ApiGateway;Ljava/lang/String;Ljava/util/Map;)V" line="21"><counter type="INSTRUCTION" missed="0" covered="80"/><counter type="BRANCH" missed="0" covered="2"/><counter type="LINE" missed="0" covered="13"/><counter type="COMPLEXITY" missed="0" covered="2"/><counter type="METHOD" missed="0" covered="1"/></method><method name="getId" desc="()Ljava/lang/String;" line="23"><counter type="INSTRUCTION" missed="0" covered="3"/><counter type="LINE" missed="0" covered="1"/><counter type="COMPLEXITY" missed="0" covered="1"/><counter type="METHOD" missed="0" covered="1"/></method><method name="getAuthorizationType" desc="()Ljava/lang/String;" line="44"><counter type="INSTRUCTION" missed="0" covered="3"/><counter type="LINE" missed="0" covered="1"/><counter type="COMPLEXITY" missed="0" covered="1"/><counter type="METHOD" missed="0" covered="1"/></method><method name="getResourceId" desc="()Ljava/lang/String;" line="47"><counter type="INSTRUCTION" missed="0" covered="14"/><counter type="LINE" missed="0" covered="1"/><counter type="COMPLEXITY" missed="0" covered="1"/><counter type="METHOD" missed="0" covered="1"/></method><method name="generateResource" desc="()Lpl/wrzasq/cform/macro/model/ResourceDefinition;" line="54"><counter type="INSTRUCTION" missed="0" covered="21"/><counter type="LINE" missed="0" covered="6"/><counter type="COMPLEXITY" missed="0" covered="1"/><counter type="METHOD" missed="0" covered="1"/></method><counter type="INSTRUCTION" missed="0" covered="121"/><counter type="BRANCH" missed="0" covered="2"/><counter type="LINE" missed="0" covered="20"/><counter type="COMPLEXITY" missed="0" covered="6"/><counter type="METHOD" missed="0" covered="5"/><counter type="CLASS" missed="0" covered="1"/></class><class name="pl/wrzasq/cform/macro/apigateway/ApiModel" sourcefilename="ApiModel.kt"><method name="&lt;init&gt;" desc="(Lpl/wrzasq/cform/macro/apigateway/ApiGateway;Ljava/lang/String;Ljava/util/Map;)V" line="21"><counter type="INSTRUCTION" missed="0" covered="62"/><counter type="LINE" missed="0" covered="11"/><counter type="COMPLEXITY" missed="0" covered="1"/><counter type="METHOD" missed="0" covered="1"/></method><method name="getId" desc="()Ljava/lang/String;" line="23"><counter type="INSTRUCTION" missed="0" covered="3"/><counter type="LINE" missed="0" covered="1"/><counter type="COMPLEXITY" missed="0" covered="1"/><counter type="METHOD" missed="0" covered="1"/></method><method name="getResourceId" desc="()Ljava/lang/String;" line="49"><counter type="INSTRUCTION" missed="0" covered="14"/><counter type="LINE" missed="0" covered="1"/><counter type="COMPLEXITY" missed="0" covered="1"/><counter type="METHOD" missed="0" covered="1"/></method><method name="generateResource" desc="()Lpl/wrzasq/cform/macro/model/ResourceDefinition;" line="56"><counter type="INSTRUCTION" missed="0" covered="21"/><counter type="LINE" missed="0" covered="5"/><counter type="COMPLEXITY" missed="0" covered="1"/><counter type="METHOD" missed="0" covered="1"/></method><counter type="INSTRUCTION" missed="0" covered="100"/><counter type="LINE" missed="0" covered="17"/><counter type="COMPLEXITY" missed="0" covered="4"/><counter type="METHOD" missed="0" covered="4"/><counter type="CLASS" missed="0" covered="1"/></class><class name="pl/wrzasq/cform/macro/apigateway/ApiGateway$1" sourcefilename="ApiGateway.kt"><method name="invoke" desc="(Ljava/lang/Object;)V" line="44"><counter type="INSTRUCTION" missed="0" covered="56"/><counter type="BRANCH" missed="0" covered="2"/><counter type="LINE" missed="0" covered="3"/><counter type="COMPLEXITY" missed="0" covered="2"/><counter type="METHOD" missed="0" covered="1"/></method><counter type="INSTRUCTION" missed="0" covered="56"/><counter type="BRANCH" missed="0" covered="2"/><counter type="LINE" missed="0" covered="3"/><counter type="COMPLEXITY" missed="0" covered="2"/><counter type="METHOD" missed="0" covered="1"/><counter type="CLASS" missed="0" covered="1"/></class><class name="pl/wrzasq/cform/macro/apigateway/ApiGateway$2" sourcefilename="ApiGateway.kt"><method name="invoke" desc="(Ljava/lang/Object;)V" line="49"><counter type="INSTRUCTION" missed="0" covered="56"/><counter type="BRANCH" missed="0" covered="2"/><counter type="LINE" missed="0" covered="3"/><counter type="COMPLEXITY" missed="0" covered="2"/><counter type="METHOD" missed="0" covered="1"/></method><counter type="INSTRUCTION" missed="0" covered="56"/><counter type="BRANCH" missed="0" covered="2"/><counter type="LINE" missed="0" covered="3"/><counter type="COMPLEXITY" missed="0" covered="2"/><counter type="METHOD" missed="0" covered="1"/><counter type="CLASS" missed="0" covered="1"/></class><class name="pl/wrzasq/cform/macro/apigateway/ApiGateway$3" sourcefilename="ApiGateway.kt"><method name="invoke" desc="(Ljava/lang/Object;)V" line="54"><counter type="INSTRUCTION" missed="0" covered="19"/><counter type="LINE" missed="0" covered="2"/><counter type="COMPLEXITY" missed="0" covered="1"/><counter type="METHOD" missed="0" covered="1"/></method><counter type="INSTRUCTION" missed="0" covered="19"/><counter type="LINE" missed="0" covered="2"/><counter type="COMPLEXITY" missed="0" covered="1"/><counter type="METHOD" missed="0" covered="1"/><counter type="CLASS" missed="0" covered="1"/></class><class name="pl/wrzasq/cform/macro/apigateway/ApiGatewayKt" sourcefilename="ApiGateway.kt"><method name="unescapeReference" desc="(Ljava/lang/String;)Ljava/lang/String;" line="196"><counter type="INSTRUCTION" missed="0" covered="14"/><counter type="LINE" missed="0" covered="1"/><counter type="COMPLEXITY" missed="0" covered="1"/><counter type="METHOD" missed="0" covered="1"/></method><method name="&lt;clinit&gt;" desc="()V" line="15"><counter type="INSTRUCTION" missed="0" covered="6"/><counter type="LINE" missed="0" covered="1"/><counter type="COMPLEXITY" missed="0" covered="1"/><counter type="METHOD" missed="0" covered="1"/></method><counter type="INSTRUCTION" missed="0" covered="20"/><counter type="LINE" missed="0" covered="2"/><counter type="COMPLEXITY" missed="0" covered="2"/><counter type="METHOD" missed="0" covered="2"/><counter type="CLASS" missed="0" covered="1"/></class><class name="pl/wrzasq/cform/macro/apigateway/UtilsKt" sourcefilename="Utils.kt"><method name="lambdaUri" desc="(Ljava/lang/String;)Ljava/lang/String;" line="16"><counter type="INSTRUCTION" missed="0" covered="14"/><counter type="LINE" missed="0" covered="2"/><counter type="COMPLEXITY" missed="0" covered="1"/><counter type="METHOD" missed="0" covered="1"/></method><counter type="INSTRUCTION" missed="0" covered="14"/><counter type="LINE" missed="0" covered="2"/><counter type="COMPLEXITY" missed="0" covered="1"/><counter type="METHOD" missed="0" covered="1"/><counter type="CLASS" missed="0" covered="1"/></class><class name="pl/wrzasq/cform/macro/apigateway/ApiTemplateResource" sourcefilename="ApiTemplateResource.kt"/><class name="pl/wrzasq/cform/macro/apigateway/ApiGatewayManagerKt" sourcefilename="ApiGatewayManager.kt"><method name="&lt;clinit&gt;" desc="()V" line="16"><counter type="INSTRUCTION" missed="0" covered="11"/><counter type="LINE" missed="0" covered="2"/><counter type="COMPLEXITY" missed="0" covered="1"/><counter type="METHOD" missed="0" covered="1"/></method><counter type="INSTRUCTION" missed="0" covered="11"/><counter type="LINE" missed="0" covered="2"/><counter type="COMPLEXITY" missed="0" covered="1"/><counter type="METHOD" missed="0" covered="1"/><counter type="CLASS" missed="0" covered="1"/></class><class name="pl/wrzasq/cform/macro/apigateway/ApiGatewayManager" sourcefilename="ApiGatewayManager.kt"><method name="&lt;init&gt;" desc="()V" line="22"><counter type="INSTRUCTION" missed="0" covered="11"/><counter type="LINE" missed="0" covered="2"/><counter type="COMPLEXITY" missed="0" covered="1"/><counter type="METHOD" missed="0" covered="1"/></method><method name="buildApi" desc="(Ljava/lang/String;Ljava/util/Map;)V" line="32"><counter type="INSTRUCTION" missed="0" covered="23"/><counter type="LINE" missed="0" covered="2"/><counter type="COMPLEXITY" missed="0" covered="1"/><counter type="METHOD" missed="0" covered="1"/></method><method name="isEmpty" desc="()Z" line="40"><counter type="INSTRUCTION" missed="0" covered="4"/><counter type="LINE" missed="0" covered="1"/><counter type="COMPLEXITY" missed="0" covered="1"/><counter type="METHOD" missed="0" covered="1"/></method><method name="generateResources" desc="()Ljava/util/List;" line="49"><counter type="INSTRUCTION" missed="0" covered="131"/><counter type="LINE" missed="0" covered="18"/><counter type="COMPLEXITY" missed="0" covered="1"/><counter type="METHOD" missed="0" covered="1"/></method><method name="canHandle" desc="(Ljava/lang/String;)Z" line="78"><counter type="INSTRUCTION" missed="0" covered="19"/><counter type="BRANCH" missed="0" covered="6"/><counter type="LINE" missed="0" covered="1"/><counter type="COMPLEXITY" missed="0" covered="4"/><counter type="METHOD" missed="0" covered="1"/></method><method name="expand" desc="(Lkotlin/Pair;)Ljava/util/Map;" line="81"><counter type="INSTRUCTION" missed="0" covered="54"/><counter type="BRANCH" missed="0" covered="6"/><counter type="LINE" missed="0" covered="9"/><counter type="COMPLEXITY" missed="0" covered="4"/><counter type="METHOD" missed="0" covered="1"/></method><method name="expandString" desc="(Ljava/lang/String;)Ljava/lang/String;" line="98"><counter type="INSTRUCTION" missed="0" covered="33"/><counter type="BRANCH" missed="0" covered="4"/><counter type="LINE" missed="0" covered="5"/><counter type="COMPLEXITY" missed="0" covered="3"/><counter type="METHOD" missed="0" covered="1"/></method><method name="resolve" desc="(Ljava/util/List;)Ljava/lang/String;" line="106"><counter type="INSTRUCTION" missed="4" covered="20"/><counter type="BRANCH" missed="2" covered="2"/><counter type="LINE" missed="0" covered="1"/><counter type="COMPLEXITY" missed="2" covered="1"/><counter type="METHOD" missed="0" covered="1"/></method><method name="resolve" desc="(Ljava/lang/String;)Ljava/lang/String;" line="112"><counter type="INSTRUCTION" missed="0" covered="63"/><counter type="BRANCH" missed="0" covered="2"/><counter type="LINE" missed="0" covered="4"/><counter type="COMPLEXITY" missed="0" covered="2"/><counter type="METHOD" missed="0" covered="1"/></method><counter type="INSTRUCTION" missed="4" covered="358"/><counter type="BRANCH" missed="2" covered="20"/><counter type="LINE" missed="0" covered="43"/><counter type="COMPLEXITY" missed="2" covered="18"/><counter type="METHOD" missed="0" covered="9"/><counter type="CLASS" missed="0" covered="1"/></class><class name="pl/wrzasq/cform/macro/apigateway/ApiMethod$leftover$3" sourcefilename="ApiMethod.kt"><method name="invoke" desc="(Ljava/lang/Object;)Ljava/util/Map;" line="51"><counter type="INSTRUCTION" missed="0" covered="9"/><counter type="LINE" missed="0" covered="1"/><counter type="COMPLEXITY" missed="0" covered="1"/><counter type="METHOD" missed="0" covered="1"/></method><counter type="INSTRUCTION" missed="0" covered="9"/><counter type="LINE" missed="0" covered="1"/><counter type="COMPLEXITY" missed="0" covered="1"/><counter type="METHOD" missed="0" covered="1"/><counter type="CLASS" missed="0" covered="1"/></class><class name="pl/wrzasq/cform/macro/apigateway/ApiMethod$leftover$2" sourcefilename="ApiMethod.kt"><method name="invoke" desc="(Ljava/lang/Object;)V" line="42"><counter type="INSTRUCTION" missed="0" covered="74"/><counter type="BRANCH" missed="0" covered="2"/><counter type="LINE" missed="0" covered="6"/><counter type="COMPLEXITY" missed="0" covered="2"/><counter type="METHOD" missed="0" covered="1"/></method><counter type="INSTRUCTION" missed="0" covered="74"/><counter type="BRANCH" missed="0" covered="2"/><counter type="LINE" missed="0" covered="6"/><counter type="COMPLEXITY" missed="0" covered="2"/><counter type="METHOD" missed="0" covered="1"/><counter type="CLASS" missed="0" covered="1"/></class><class name="pl/wrzasq/cform/macro/apigateway/ApiMethod$initIntegration$leftover$2" sourcefilename="ApiMethod.kt"><method name="invoke" desc="(Ljava/lang/Object;)V" line="84"><counter type="INSTRUCTION" missed="0" covered="22"/><counter type="LINE" missed="0" covered="1"/><counter type="COMPLEXITY" missed="0" covered="1"/><counter type="METHOD" missed="0" covered="1"/></method><counter type="INSTRUCTION" missed="0" covered="22"/><counter type="LINE" missed="0" covered="1"/><counter type="COMPLEXITY" missed="0" covered="1"/><counter type="METHOD" missed="0" covered="1"/><counter type="CLASS" missed="0" covered="1"/></class><class name="pl/wrzasq/cform/macro/apigateway/ApiModel$leftover$2" sourcefilename="ApiModel.kt"><method name="invoke" desc="(Ljava/lang/Object;)V" line="34"><counter type="INSTRUCTION" missed="0" covered="76"/><counter type="BRANCH" missed="2" covered="2"/><counter type="LINE" missed="0" covered="7"/><counter type="COMPLEXITY" missed="2" covered="1"/><counter type="METHOD" missed="0" covered="1"/></method><counter type="INSTRUCTION" missed="0" covered="76"/><counter type="BRANCH" missed="2" covered="2"/><counter type="LINE" missed="0" covered="7"/><counter type="COMPLEXITY" missed="2" covered="1"/><counter type="METHOD" missed="0" covered="1"/><counter type="CLASS" missed="0" covered="1"/></class><class name="pl/wrzasq/cform/macro/apigateway/ApiMethod$leftover$1" sourcefilename="ApiMethod.kt"><method name="invoke" desc="(Ljava/lang/Object;)V" line="39"><counter type="INSTRUCTION" missed="0" covered="25"/><counter type="LINE" missed="0" covered="2"/><counter type="COMPLEXITY" missed="0" covered="1"/><counter type="METHOD" missed="0" covered="1"/></method><counter type="INSTRUCTION" missed="0" covered="25"/><counter type="LINE" missed="0" covered="2"/><counter type="COMPLEXITY" missed="0" covered="1"/><counter type="METHOD" missed="0" covered="1"/><counter type="CLASS" missed="0" covered="1"/></class><sourcefile name="ApiTemplateResource.kt"><line nr="29" mi="0" ci="5" mb="0" cb="0"/><line nr="37" mi="6" ci="0" mb="0" cb="0"/><counter type="INSTRUCTION" missed="12" covered="8"/><counter type="LINE" missed="1" covered="1"/><counter type="COMPLEXITY" missed="1" covered="1"/><counter type="METHOD" missed="1" covered="1"/><counter type="CLASS" missed="0" covered="1"/></sourcefile><sourcefile name="ApiGatewayManager.kt"><line nr="16" mi="0" ci="5" mb="0" cb="0"/><line nr="17" mi="0" ci="6" mb="0" cb="0"/><line nr="22" mi="0" ci="3" mb="0" cb="0"/><line nr="23" mi="0" ci="8" mb="0" cb="0"/><line nr="32" mi="0" ci="16" mb="0" cb="0"/><line nr="33" mi="0" ci="1" mb="0" cb="0"/><line nr="40" mi="0" ci="4" mb="0" cb="0"/><line nr="49" mi="0" ci="8" mb="0" cb="0"/><line nr="50" mi="0" ci="1" mb="0" cb="0"/><line nr="51" mi="0" ci="1" mb="0" cb="0"/><line nr="52" mi="0" ci="1" mb="0" cb="0"/><line nr="53" mi="0" ci="12" mb="0" cb="0"/><line nr="54" mi="0" ci="1" mb="0" cb="0"/><line nr="55" mi="0" ci="15" mb="0" cb="0"/><line nr="56" mi="0" ci="4" mb="0" cb="0"/><line nr="57" mi="0" ci="4" mb="0" cb="0"/><line nr="58" mi="0" ci="4" mb="0" cb="0"/><line nr="62" mi="0" ci="4" mb="0" cb="0"/><line nr="63" mi="0" ci="1" mb="0" cb="0"/><line nr="67" mi="0" ci="21" mb="0" cb="0"/><line nr="68" mi="0" ci="1" mb="0" cb="0"/><line nr="69" mi="0" ci="1" mb="0" cb="0"/><line nr="71" mi="0" ci="17" mb="0" cb="0"/><line nr="72" mi="0" ci="8" mb="0" cb="0"/><line nr="75" mi="0" ci="27" mb="0" cb="0"/><line nr="78" mi="0" ci="16" mb="0" cb="6"/><line nr="81" mi="0" ci="3" mb="0" cb="0"/><line nr="83" mi="0" ci="10" mb="0" cb="4"/><line nr="84" mi="0" ci="2" mb="0" cb="0"/><line nr="85" mi="0" ci="16" mb="0" cb="0"/><line nr="86" mi="0" ci="5" mb="0" cb="0"/><line nr="88" mi="0" ci="3" mb="0" cb="2"/><line nr="89" mi="0" ci="5" mb="0" cb="0"/><line nr="91" mi="0" ci="1" mb="0" cb="0"/><line nr="94" mi="0" ci="6" mb="0" cb="0"/><line nr="98" mi="0" ci="1" mb="0" cb="0"/><line nr="99" mi="0" ci="22" mb="0" cb="2"/><line nr="100" mi="0" ci="15" mb="0" cb="2"/><line nr="101" mi="0" ci="16" mb="0" cb="0"/><line nr="103" mi="0" ci="1" mb="0" cb="0"/><line nr="104" mi="0" ci="1" mb="0" cb="0"/><line nr="106" mi="4" ci="20" mb="2" cb="2"/><line nr="112" mi="0" ci="16" mb="0" cb="0"/><line nr="113" mi="0" ci="4" mb="0" cb="0"/><line nr="114" mi="0" ci="36" mb="0" cb="2"/><line nr="116" mi="0" ci="7" mb="0" cb="0"/><counter type="INSTRUCTION" missed="4" covered="398"/><counter type="BRANCH" missed="2" covered="20"/><counter type="LINE" missed="0" covered="46"/><counter type="COMPLEXITY" missed="2" covered="21"/><counter type="METHOD" missed="0" covered="12"/><counter type="CLASS" missed="0" covered="4"/></sourcefile><sourcefile name="Utils.kt"><line nr="16" mi="0" ci="8" mb="0" cb="0"/><line nr="17" mi="0" ci="3" mb="0" cb="0"/><counter type="INSTRUCTION" missed="0" covered="14"/><counter type="LINE" missed="0" covered="2"/><counter type="COMPLEXITY" missed="0" covered="1"/><counter type="METHOD" missed="0" covered="1"/><counter type="CLASS" missed="0" covered="1"/></sourcefile><sourcefile name="ApiRequestValidator.kt"><line nr="20" mi="0" ci="3" mb="0" cb="0"/><line nr="21" mi="0" ci="3" mb="0" cb="0"/><line nr="22" mi="3" ci="3" mb="0" cb="0"/><line nr="23" mi="0" ci="3" mb="0" cb="0"/><line nr="24" mi="0" ci="3" mb="0" cb="0"/><line nr="27" mi="0" ci="14" mb="0" cb="0"/><line nr="34" mi="0" ci="7" mb="0" cb="0"/><line nr="35" mi="0" ci="2" mb="0" cb="0"/><line nr="36" mi="0" ci="1" mb="0" cb="0"/><line nr="37" mi="0" ci="1" mb="0" cb="0"/><line nr="38" mi="0" ci="17" mb="0" cb="0"/><line nr="39" mi="0" ci="6" mb="0" cb="0"/><line nr="40" mi="0" ci="6" mb="0" cb="0"/><line nr="42" mi="0" ci="1" mb="0" cb="0"/><counter type="INSTRUCTION" missed="3" covered="76"/><counter type="LINE" missed="0" covered="14"/><counter type="COMPLEXITY" missed="1" covered="3"/><counter type="METHOD" missed="1" covered="3"/><counter type="CLASS" missed="0" covered="1"/></sourcefile><sourcefile name="ApiMethod.kt"><line nr="26" mi="0" ci="3" mb="0" cb="0"/><line nr="27" mi="0" ci="3" mb="0" cb="0"/><line nr="28" mi="3" ci="3" mb="0" cb="0"/><line nr="29" mi="0" ci="3" mb="0" cb="0"/><line nr="30" mi="0" ci="3" mb="0" cb="0"/><line nr="35" mi="0" ci="1" mb="0" cb="0"/><line nr="36" mi="0" ci="7" mb="0" cb="0"/><line nr="37" mi="0" ci="2" mb="0" cb="0"/><line nr="38" mi="0" ci="11" mb="0" cb="0"/><line nr="39" mi="0" ci="21" mb="0" cb="0"/><line nr="40" mi="0" ci="1" mb="0" cb="0"/><line nr="41" mi="0" ci="11" mb="0" cb="0"/><line nr="42" mi="0" ci="3" mb="0" cb="0"/><line nr="43" mi="0" ci="26" mb="0" cb="2"/><line nr="44" mi="0" ci="10" mb="0" cb="0"/><line nr="47" mi="0" ci="16" mb="0" cb="0"/><line nr="48" mi="0" ci="15" mb="0" cb="0"/><line nr="49" mi="0" ci="1" mb="0" cb="0"/><line nr="50" mi="0" ci="1" mb="0" cb="0"/><line nr="51" mi="0" ci="21" mb="0" cb="0"/><line nr="52" mi="0" ci="4" mb="0" cb="0"/><line nr="55" mi="0" ci="5" mb="0" cb="0"/><line nr="56" mi="0" ci="1" mb="0" cb="0"/><line nr="59" mi="0" ci="14" mb="0" cb="0"/><line nr="66" mi="0" ci="7" mb="0" cb="0"/><line nr="67" mi="0" ci="2" mb="0" cb="0"/><line nr="68" mi="0" ci="1" mb="0" cb="0"/><line nr="69" mi="0" ci="4" mb="0" cb="0"/><line nr="70" mi="0" ci="17" mb="0" cb="0"/><line nr="71" mi="0" ci="5" mb="0" cb="0"/><line nr="72" mi="0" ci="5" mb="0" cb="0"/><line nr="74" mi="0" ci="1" mb="0" cb="0"/><line nr="77" mi="0" ci="7" mb="0" cb="0"/><line nr="78" mi="0" ci="13" mb="0" cb="0"/><line nr="80" mi="0" ci="5" mb="0" cb="0"/><line nr="81" mi="0" ci="5" mb="0" cb="0"/><line nr="82" mi="0" ci="1" mb="0" cb="0"/><line nr="84" mi="0" ci="29" mb="0" cb="0"/><line nr="85" mi="0" ci="4" mb="0" cb="0"/><line nr="87" mi="0" ci="4" mb="0" cb="0"/><line nr="91" mi="0" ci="3" mb="0" cb="2"/><line nr="92" mi="0" ci="7" mb="0" cb="0"/><line nr="93" mi="0" ci="14" mb="0" cb="0"/><line nr="96" mi="0" ci="1" mb="0" cb="0"/><line nr="97" mi="0" ci="1" mb="0" cb="0"/><counter type="INSTRUCTION" missed="3" covered="349"/><counter type="BRANCH" missed="0" covered="4"/><counter type="LINE" missed="0" covered="45"/><counter type="COMPLEXITY" missed="1" covered="11"/><counter type="METHOD" missed="1" covered="9"/><counter type="CLASS" missed="0" covered="6"/></sourcefile><sourcefile name="ApiResource.kt"><line nr="20" mi="0" ci="3" mb="0" cb="0"/><line nr="21" mi="0" ci="3" mb="0" cb="0"/><line nr="22" mi="3" ci="3" mb="0" cb="0"/><line nr="23" mi="0" ci="3" mb="0" cb="0"/><line nr="24" mi="0" ci="3" mb="0" cb="0"/><line nr="27" mi="0" ci="14" mb="0" cb="0"/><line nr="34" mi="0" ci="7" mb="0" cb="0"/><line nr="35" mi="0" ci="2" mb="0" cb="0"/><line nr="36" mi="0" ci="1" mb="0" cb="0"/><line nr="37" mi="0" ci="1" mb="0" cb="0"/><line nr="38" mi="0" ci="17" mb="0" cb="0"/><line nr="39" mi="0" ci="5" mb="0" cb="0"/><line nr="40" mi="0" ci="5" mb="0" cb="0"/><line nr="42" mi="0" ci="1" mb="0" cb="0"/><counter type="INSTRUCTION" missed="3" covered="80"/><counter type="LINE" missed="0" covered="14"/><counter type="COMPLEXITY" missed="1" covered="3"/><counter type="METHOD" missed="1" covered="3"/><counter type="CLASS" missed="0" covered="1"/></sourcefile><sourcefile name="ApiModel.kt"><line nr="21" mi="0" ci="3" mb="0" cb="0"/><line nr="22" mi="0" ci="3" mb="0" cb="0"/><line nr="23" mi="0" ci="6" mb="0" cb="0"/><line nr="28" mi="0" ci="1" mb="0" cb="0"/><line nr="29" mi="0" ci="7" mb="0" cb="0"/><line nr="30" mi="0" ci="13" mb="0" cb="0"/><line nr="31" mi="0" ci="5" mb="0" cb="0"/><line nr="32" mi="0" ci="1" mb="0" cb="0"/><line nr="33" mi="0" ci="11" mb="0" cb="0"/><line nr="34" mi="0" ci="4" mb="0" cb="0"/><line nr="35" mi="0" ci="14" mb="1" cb="1"/><line nr="36" mi="0" ci="13" mb="0" cb="0"/><line nr="38" mi="0" ci="14" mb="1" cb="1"/><line nr="39" mi="0" ci="15" mb="0" cb="0"/><line nr="42" mi="0" ci="12" mb="0" cb="0"/><line nr="43" mi="0" ci="1" mb="0" cb="0"/><line nr="45" mi="0" ci="5" mb="0" cb="0"/><line nr="46" mi="0" ci="1" mb="0" cb="0"/><line nr="49" mi="0" ci="14" mb="0" cb="0"/><line nr="56" mi="0" ci="7" mb="0" cb="0"/><line nr="57" mi="0" ci="2" mb="0" cb="0"/><line nr="58" mi="0" ci="1" mb="0" cb="0"/><line nr="59" mi="0" ci="10" mb="0" cb="0"/><line nr="60" mi="0" ci="1" mb="0" cb="0"/><counter type="INSTRUCTION" missed="0" covered="176"/><counter type="BRANCH" missed="2" covered="2"/><counter type="LINE" missed="0" covered="24"/><counter type="COMPLEXITY" missed="2" covered="5"/><counter type="METHOD" missed="0" covered="5"/><counter type="CLASS" missed="0" covered="2"/></sourcefile><sourcefile name="ApiGateway.kt"><line nr="15" mi="0" ci="6" mb="0" cb="0"/><line nr="23" mi="0" ci="3" mb="0" cb="0"/><line nr="24" mi="3" ci="3" mb="0" cb="0"/><line nr="32" mi="0" ci="11" mb="0" cb="0"/><line nr="33" mi="0" ci="8" mb="0" cb="0"/><line nr="34" mi="0" ci="8" mb="0" cb="0"/><line nr="35" mi="0" ci="8" mb="0" cb="0"/><line nr="36" mi="0" ci="8" mb="0" cb="0"/><line nr="37" mi="0" ci="8" mb="0" cb="0"/><line nr="41" mi="0" ci="1" mb="0" cb="0"/><line nr="42" mi="0" ci="3" mb="0" cb="0"/><line nr="43" mi="0" ci="10" mb="0" cb="0"/><line nr="44" mi="0" ci="31" mb="0" cb="2"/><line nr="45" mi="0" ci="21" mb="0" cb="0"/><line nr="47" mi="0" ci="1" mb="0" cb="0"/><line nr="48" mi="0" ci="10" mb="0" cb="0"/><line nr="49" mi="0" ci="31" mb="0" cb="2"/><line nr="50" mi="0" ci="21" mb="0" cb="0"/><line nr="52" mi="0" ci="1" mb="0" cb="0"/><line nr="53" mi="0" ci="10" mb="0" cb="0"/><line nr="54" mi="0" ci="15" mb="0" cb="0"/><line nr="55" mi="0" ci="1" mb="0" cb="0"/><line nr="56" mi="0" ci="1" mb="0" cb="0"/><line nr="59" mi="0" ci="5" mb="0" cb="0"/><line nr="67" mi="0" ci="12" mb="0" cb="0"/><line nr="68" mi="0" ci="6" mb="0" cb="4"/><line nr="69" mi="0" ci="8" mb="0" cb="0"/><line nr="70" mi="0" ci="8" mb="0" cb="0"/><line nr="71" mi="0" ci="8" mb="0" cb="0"/><line nr="72" mi="0" ci="14" mb="0" cb="0"/><line nr="74" mi="0" ci="1" mb="0" cb="0"/><line nr="82" mi="0" ci="7" mb="0" cb="0"/><line nr="85" mi="0" ci="3" mb="0" cb="0"/><line nr="86" mi="0" ci="7" mb="0" cb="0"/><line nr="87" mi="0" ci="2" mb="0" cb="0"/><line nr="88" mi="0" ci="1" mb="0" cb="0"/><line nr="89" mi="0" ci="2" mb="0" cb="0"/><line nr="94" mi="0" ci="24" mb="0" cb="0"/><line nr="95" mi="0" ci="24" mb="0" cb="0"/><line nr="96" mi="0" ci="24" mb="0" cb="0"/><line nr="97" mi="0" ci="24" mb="0" cb="0"/><line nr="98" mi="0" ci="24" mb="0" cb="0"/><line nr="101" mi="0" ci="3" mb="0" cb="0"/><line nr="102" mi="0" ci="20" mb="0" cb="0"/><line nr="103" mi="0" ci="13" mb="0" cb="0"/><line nr="104" mi="0" ci="1" mb="0" cb="0"/><line nr="105" mi="0" ci="19" mb="0" cb="0"/><line nr="106" mi="0" ci="6" mb="0" cb="0"/><line nr="110" mi="0" ci="2" mb="0" cb="0"/><line nr="114" mi="0" ci="11" mb="0" cb="0"/><line nr="115" mi="0" ci="6" mb="0" cb="0"/><line nr="118" mi="0" ci="13" mb="0" cb="0"/><line nr="121" mi="0" ci="2" mb="0" cb="0"/><line nr="122" mi="0" ci="2" mb="0" cb="0"/><line nr="124" mi="0" ci="30" mb="0" cb="2"/><line nr="125" mi="0" ci="4" mb="0" cb="0"/><line nr="127" mi="0" ci="3" mb="0" cb="2"/><line nr="128" mi="0" ci="14" mb="0" cb="0"/><line nr="129" mi="0" ci="4" mb="0" cb="0"/><line nr="130" mi="0" ci="5" mb="0" cb="0"/><line nr="132" mi="0" ci="8" mb="0" cb="0"/><line nr="133" mi="0" ci="10" mb="0" cb="0"/><line nr="134" mi="0" ci="5" mb="0" cb="0"/><line nr="137" mi="0" ci="10" mb="0" cb="0"/><line nr="140" mi="0" ci="3" mb="0" cb="2"/><line nr="141" mi="0" ci="14" mb="0" cb="0"/><line nr="142" mi="0" ci="27" mb="0" cb="0"/><line nr="144" mi="0" ci="14" mb="0" cb="0"/><line nr="147" mi="0" ci="1" mb="0" cb="0"/><line nr="150" mi="2" ci="65" mb="2" cb="2"/><line nr="151" mi="0" ci="4" mb="0" cb="0"/><line nr="153" mi="0" ci="5" mb="1" cb="1"/><line nr="154" mi="5" ci="0" mb="0" cb="0"/><line nr="157" mi="0" ci="2" mb="0" cb="0"/><line nr="167" mi="0" ci="3" mb="0" cb="2"/><line nr="169" mi="0" ci="3" mb="0" cb="0"/><line nr="170" mi="0" ci="5" mb="0" cb="2"/><line nr="172" mi="0" ci="16" mb="0" cb="0"/><line nr="175" mi="0" ci="5" mb="0" cb="0"/><line nr="177" mi="0" ci="8" mb="0" cb="6"/><line nr="178" mi="0" ci="18" mb="0" cb="2"/><line nr="179" mi="0" ci="18" mb="0" cb="2"/><line nr="180" mi="0" ci="18" mb="0" cb="2"/><line nr="182" mi="0" ci="3" mb="0" cb="0"/><line nr="183" mi="0" ci="18" mb="0" cb="2"/><line nr="186" mi="0" ci="3" mb="0" cb="0"/><line nr="187" mi="0" ci="18" mb="0" cb="2"/><line nr="189" mi="0" ci="8" mb="0" cb="0"/><line nr="190" mi="0" ci="1" mb="0" cb="0"/><line nr="196" mi="0" ci="14" mb="0" cb="0"/><counter type="INSTRUCTION" missed="10" covered="936"/><counter type="BRANCH" missed="3" covered="37"/><counter type="LINE" missed="1" covered="89"/><counter type="COMPLEXITY" missed="4" covered="36"/><counter type="METHOD" missed="1" covered="16"/><counter type="CLASS" missed="0" covered="5"/></sourcefile><sourcefile name="ApiAuthorizer.kt"><line nr="21" mi="0" ci="3" mb="0" cb="0"/><line nr="22" mi="0" ci="3" mb="0" cb="0"/><line nr="23" mi="0" ci="6" mb="0" cb="0"/><line nr="29" mi="0" ci="1" mb="0" cb="0"/><line nr="30" mi="0" ci="7" mb="0" cb="0"/><line nr="31" mi="0" ci="13" mb="0" cb="0"/><line nr="33" mi="0" ci="6" mb="0" cb="0"/><line nr="34" mi="0" ci="1" mb="0" cb="0"/><line nr="35" mi="0" ci="29" mb="0" cb="0"/><line nr="37" mi="0" ci="5" mb="0" cb="0"/><line nr="38" mi="0" ci="7" mb="0" cb="0"/><line nr="39" mi="0" ci="1" mb="0" cb="0"/><line nr="44" mi="0" ci="14" mb="0" cb="2"/><line nr="47" mi="0" ci="14" mb="0" cb="0"/><line nr="54" mi="0" ci="7" mb="0" cb="0"/><line nr="55" mi="0" ci="2" mb="0" cb="0"/><line nr="56" mi="0" ci="1" mb="0" cb="0"/><line nr="57" mi="0" ci="4" mb="0" cb="0"/><line nr="58" mi="0" ci="6" mb="0" cb="0"/><line nr="60" mi="0" ci="1" mb="0" cb="0"/><counter type="INSTRUCTION" missed="0" covered="143"/><counter type="BRANCH" missed="0" covered="2"/><counter type="LINE" missed="0" covered="20"/><counter type="COMPLEXITY" missed="0" covered="7"/><counter type="METHOD" missed="0" covered="6"/><counter type="CLASS" missed="0" covered="2"/></sourcefile><counter type="INSTRUCTION" missed="35" covered="2180"/><counter type="BRANCH" missed="7" covered="65"/><counter type="LINE" missed="2" covered="255"/><counter type="COMPLEXITY" missed="12" covered="88"/><counter type="METHOD" missed="5" covered="56"/><counter type="CLASS" missed="0" covered="23"/></package><package name="pl/wrzasq/cform/macro"><class name="pl/wrzasq/cform/macro/HandlerKt" sourcefilename="Handler.kt"/><class name="pl/wrzasq/cform/macro/Handler" sourcefilename="Handler.kt"><method name="&lt;init&gt;" desc="(Lcom/fasterxml/jackson/databind/ObjectMapper;Ljava/util/Collection;)V" line="28"><counter type="INSTRUCTION" missed="0" covered="15"/><counter type="LINE" missed="0" covered="3"/><counter type="COMPLEXITY" missed="0" covered="1"/><counter type="METHOD" missed="0" covered="1"/></method><method name="handle" desc="(Ljava/io/InputStream;Ljava/io/OutputStream;Lcom/amazonaws/services/lambda/runtime/Context;)V" line="41"><counter type="INSTRUCTION" missed="0" covered="58"/><counter type="LINE" missed="0" covered="7"/><counter type="COMPLEXITY" missed="0" covered="1"/><counter type="METHOD" missed="0" covered="1"/></method><counter type="INSTRUCTION" missed="0" covered="73"/><counter type="LINE" missed="0" covered="10"/><counter type="COMPLEXITY" missed="0" covered="2"/><counter type="METHOD" missed="0" covered="2"/><counter type="CLASS" missed="0" covered="1"/></class><class name="pl/wrzasq/cform/macro/Handler$handle$$inlined$readValue$1" sourcefilename="Extensions.kt"><method name="&lt;init&gt;" desc="()V" line="37"><counter type="INSTRUCTION" missed="0" covered="3"/><counter type="LINE" missed="0" covered="1"/><counter type="COMPLEXITY" missed="0" covered="1"/><counter type="METHOD" missed="0" covered="1"/></method><counter type="INSTRUCTION" missed="0" covered="3"/><counter type="LINE" missed="0" covered="1"/><counter type="COMPLEXITY" missed="0" covered="1"/><counter type="METHOD" missed="0" covered="1"/><counter type="CLASS" missed="0" covered="1"/></class><sourcefile name="Extensions.kt"><line nr="37" mi="0" ci="3" mb="0" cb="0"/><counter type="INSTRUCTION" missed="0" covered="3"/><counter type="LINE" missed="0" covered="1"/><counter type="COMPLEXITY" missed="0" covered="1"/><counter type="METHOD" missed="0" covered="1"/><counter type="CLASS" missed="0" covered="1"/></sourcefile><sourcefile name="Handler.kt"><line nr="28" mi="0" ci="3" mb="0" cb="0"/><line nr="29" mi="0" ci="3" mb="0" cb="0"/><line nr="30" mi="0" ci="3" mb="0" cb="0"/><line nr="41" mi="0" ci="7" mb="0" cb="0"/><line nr="43" mi="0" ci="3" mb="0" cb="0"/><line nr="44" mi="0" ci="1" mb="0" cb="0"/><line nr="45" mi="0" ci="16" mb="0" cb="0"/><line nr="46" mi="0" ci="2" mb="0" cb="0"/><line nr="47" mi="0" ci="19" mb="0" cb="0"/><line nr="50" mi="0" ci="1" mb="0" cb="0"/><counter type="INSTRUCTION" missed="0" covered="73"/><counter type="LINE" missed="0" covered="10"/><counter type="COMPLEXITY" missed="0" covered="2"/><counter type="METHOD" missed="0" covered="2"/><counter type="CLASS" missed="0" covered="1"/></sourcefile><counter type="INSTRUCTION" missed="0" covered="76"/><counter type="LINE" missed="0" covered="11"/><counter type="COMPLEXITY" missed="0" covered="3"/><counter type="METHOD" missed="0" covered="3"/><counter type="CLASS" missed="0" covered="2"/></package><package name="pl/wrzasq/cform/macro/config"><class name="pl/wrzasq/cform/macro/config/ResourcesFactory" sourcefilename="ResourcesFactory.kt"/><class name="pl/wrzasq/cform/macro/config/LambdaResourcesFactory$delegatingResourceProcessor$2" sourcefilename="LambdaResourcesFactory.kt"><method name="invoke" desc="()Lpl/wrzasq/cform/macro/processors/DelegatingResourceProcessor;" line="47"><counter type="INSTRUCTION" missed="36" covered="0"/><counter type="LINE" missed="5" covered="0"/><counter type="COMPLEXITY" missed="1" covered="0"/><counter type="METHOD" missed="1" covered="0"/></method><counter type="INSTRUCTION" missed="36" covered="0"/><counter type="LINE" missed="5" covered="0"/><counter type="COMPLEXITY" missed="1" covered="0"/><counter type="METHOD" missed="1" covered="0"/><counter type="CLASS" missed="1" covered="0"/></class><class name="pl/wrzasq/cform/macro/config/LambdaResourcesFactory$objectMapper$2" sourcefilename="LambdaResourcesFactory.kt"><method name="invoke" desc="()Lcom/fasterxml/jackson/databind/ObjectMapper;" line="65"><counter type="INSTRUCTION" missed="3" covered="0"/><counter type="LINE" missed="1" covered="0"/><counter type="COMPLEXITY" missed="1" covered="0"/><counter type="METHOD" missed="1" covered="0"/></method><counter type="INSTRUCTION" missed="3" covered="0"/><counter type="LINE" missed="1" covered="0"/><counter type="COMPLEXITY" missed="1" covered="0"/><counter type="METHOD" missed="1" covered="0"/><counter type="CLASS" missed="1" covered="0"/></class><class name="pl/wrzasq/cform/macro/config/LambdaResourcesFactory" sourcefilename="LambdaResourcesFactory.kt"><method name="&lt;init&gt;" desc="()V" line="26"><counter type="INSTRUCTION" missed="75" covered="0"/><counter type="LINE" missed="13" covered="0"/><counter type="COMPLEXITY" missed="1" covered="0"/><counter type="METHOD" missed="1" covered="0"/></method><method name="getApi" desc="()Lpl/wrzasq/commons/aws/runtime/NativeLambdaApi;" line="27"><counter type="INSTRUCTION" missed="9" covered="0"/><counter type="LINE" missed="1" covered="0"/><counter type="COMPLEXITY" missed="1" covered="0"/><counter type="METHOD" missed="1" covered="0"/></method><method name="getProcessors" desc="()Ljava/util/List;" line="29"><counter type="INSTRUCTION" missed="9" covered="0"/><counter type="LINE" missed="1" covered="0"/><counter type="COMPLEXITY" missed="1" covered="0"/><counter type="METHOD" missed="1" covered="0"/></method><method name="getApiGatewayDefinitionProcessor" desc="()Lpl/wrzasq/cform/macro/processors/ApiGatewayDefinition;" line="42"><counter type="INSTRUCTION" missed="9" covered="0"/><counter type="LINE" missed="1" covered="0"/><counter type="COMPLEXITY" missed="1" covered="0"/><counter type="METHOD" missed="1" covered="0"/></method><method name="getAutomaticLogGroupsProcessor" desc="()Lpl/wrzasq/cform/macro/processors/AutomaticLogGroups;" line="44"><counter type="INSTRUCTION" missed="9" covered="0"/><counter type="LINE" missed="1" covered="0"/><counter type="COMPLEXITY" missed="1" covered="0"/><counter type="METHOD" missed="1" covered="0"/></method><method name="getDelegatingResourceProcessor" desc="()Lpl/wrzasq/cform/macro/processors/DelegatingResourceProcessor;" line="46"><counter type="INSTRUCTION" missed="9" covered="0"/><counter type="LINE" missed="1" covered="0"/><counter type="COMPLEXITY" missed="1" covered="0"/><counter type="METHOD" missed="1" covered="0"/></method><method name="getFnToolkitProcessor" desc="()Lpl/wrzasq/cform/macro/template/CallsExpander;" line="55"><counter type="INSTRUCTION" missed="9" covered="0"/><counter type="LINE" missed="1" covered="0"/><counter type="COMPLEXITY" missed="1" covered="0"/><counter type="METHOD" missed="1" covered="0"/></method><method name="getCodeBuildSetupProcessor" desc="()Lpl/wrzasq/cform/macro/processors/types/CodeBuildSetup;" line="57"><counter type="INSTRUCTION" missed="9" covered="0"/><counter type="LINE" missed="1" covered="0"/><counter type="COMPLEXITY" missed="1" covered="0"/><counter type="METHOD" missed="1" covered="0"/></method><method name="getDynamoDbAttributesDefinitionsProcessor" desc="()Lpl/wrzasq/cform/macro/processors/types/DynamoDbAttributesDefinitions;" line="59"><counter type="INSTRUCTION" missed="9" covered="0"/><counter type="LINE" missed="1" covered="0"/><counter type="COMPLEXITY" missed="1" covered="0"/><counter type="METHOD" missed="1" covered="0"/></method><method name="getIamStatementsProcessor" desc="()Lpl/wrzasq/cform/macro/processors/types/IamStatements;" line="61"><counter type="INSTRUCTION" missed="9" covered="0"/><counter type="LINE" missed="1" covered="0"/><counter type="COMPLEXITY" missed="1" covered="0"/><counter type="METHOD" missed="1" covered="0"/></method><method name="getPipelineDefinitionProcessor" desc="()Lpl/wrzasq/cform/macro/processors/types/PipelineDefinition;" line="63"><counter type="INSTRUCTION" missed="9" covered="0"/><counter type="LINE" missed="1" covered="0"/><counter type="COMPLEXITY" missed="1" covered="0"/><counter type="METHOD" missed="1" covered="0"/></method><method name="getObjectMapper" desc="()Lcom/fasterxml/jackson/databind/ObjectMapper;" line="65"><counter type="INSTRUCTION" missed="9" covered="0"/><counter type="LINE" missed="1" covered="0"/><counter type="COMPLEXITY" missed="1" covered="0"/><counter type="METHOD" missed="1" covered="0"/></method><method name="getHandler" desc="()Lpl/wrzasq/cform/macro/Handler;" line="67"><counter type="INSTRUCTION" missed="9" covered="0"/><counter type="LINE" missed="1" covered="0"/><counter type="COMPLEXITY" missed="1" covered="0"/><counter type="METHOD" missed="1" covered="0"/></method><method name="&lt;clinit&gt;" desc="()V" line="67"><counter type="INSTRUCTION" missed="6" covered="0"/><counter type="LINE" missed="1" covered="0"/><counter type="COMPLEXITY" missed="1" covered="0"/><counter type="METHOD" missed="1" covered="0"/></method><counter type="INSTRUCTION" missed="189" covered="0"/><counter type="LINE" missed="13" covered="0"/><counter type="COMPLEXITY" missed="14" covered="0"/><counter type="METHOD" missed="14" covered="0"/><counter type="CLASS" missed="1" covered="0"/></class><class name="pl/wrzasq/cform/macro/config/LambdaResourcesFactory$dynamoDbAttributesDefinitionsProcessor$2" sourcefilename="LambdaResourcesFactory.kt"><method name="invoke" desc="()Lpl/wrzasq/cform/macro/processors/types/DynamoDbAttributesDefinitions;" line="59"><counter type="INSTRUCTION" missed="4" covered="0"/><counter type="LINE" missed="1" covered="0"/><counter type="COMPLEXITY" missed="1" covered="0"/><counter type="METHOD" missed="1" covered="0"/></method><counter type="INSTRUCTION" missed="4" covered="0"/><counter type="LINE" missed="1" covered="0"/><counter type="COMPLEXITY" missed="1" covered="0"/><counter type="METHOD" missed="1" covered="0"/><counter type="CLASS" missed="1" covered="0"/></class><class name="pl/wrzasq/cform/macro/config/LambdaResourcesFactory$codeBuildSetupProcessor$2" sourcefilename="LambdaResourcesFactory.kt"><method name="invoke" desc="()Lpl/wrzasq/cform/macro/processors/types/CodeBuildSetup;" line="57"><counter type="INSTRUCTION" missed="4" covered="0"/><counter type="LINE" missed="1" covered="0"/><counter type="COMPLEXITY" missed="1" covered="0"/><counter type="METHOD" missed="1" covered="0"/></method><counter type="INSTRUCTION" missed="4" covered="0"/><counter type="LINE" missed="1" covered="0"/><counter type="COMPLEXITY" missed="1" covered="0"/><counter type="METHOD" missed="1" covered="0"/><counter type="CLASS" missed="1" covered="0"/></class><class name="pl/wrzasq/cform/macro/config/LambdaResourcesFactory$pipelineDefinitionProcessor$2" sourcefilename="LambdaResourcesFactory.kt"><method name="invoke" desc="()Lpl/wrzasq/cform/macro/processors/types/PipelineDefinition;" line="63"><counter type="INSTRUCTION" missed="4" covered="0"/><counter type="LINE" missed="1" covered="0"/><counter type="COMPLEXITY" missed="1" covered="0"/><counter type="METHOD" missed="1" covered="0"/></method><counter type="INSTRUCTION" missed="4" covered="0"/><counter type="LINE" missed="1" covered="0"/><counter type="COMPLEXITY" missed="1" covered="0"/><counter type="METHOD" missed="1" covered="0"/><counter type="CLASS" missed="1" covered="0"/></class><class name="pl/wrzasq/cform/macro/config/LambdaResourcesFactory$processors$2" sourcefilename="LambdaResourcesFactory.kt"><method name="invoke" desc="()Ljava/util/List;" line="30"><counter type="INSTRUCTION" missed="46" covered="0"/><counter type="LINE" missed="5" covered="0"/><counter type="COMPLEXITY" missed="1" covered="0"/><counter type="METHOD" missed="1" covered="0"/></method><counter type="INSTRUCTION" missed="46" covered="0"/><counter type="LINE" missed="5" covered="0"/><counter type="COMPLEXITY" missed="1" covered="0"/><counter type="METHOD" missed="1" covered="0"/><counter type="CLASS" missed="1" covered="0"/></class><class name="pl/wrzasq/cform/macro/config/LambdaResourcesFactory$Companion" sourcefilename="LambdaResourcesFactory.kt"><method name="main" desc="([Ljava/lang/String;)V" line="78"><counter type="INSTRUCTION" missed="17" covered="0"/><counter type="LINE" missed="3" covered="0"/><counter type="COMPLEXITY" missed="1" covered="0"/><counter type="METHOD" missed="1" covered="0"/></method><counter type="INSTRUCTION" missed="17" covered="0"/><counter type="LINE" missed="3" covered="0"/><counter type="COMPLEXITY" missed="1" covered="0"/><counter type="METHOD" missed="1" covered="0"/><counter type="CLASS" missed="1" covered="0"/></class><class name="pl/wrzasq/cform/macro/config/LambdaResourcesFactory$handler$2" sourcefilename="LambdaResourcesFactory.kt"><method name="invoke" desc="()Lpl/wrzasq/cform/macro/Handler;" line="67"><counter type="INSTRUCTION" missed="11" covered="0"/><counter type="LINE" missed="1" covered="0"/><counter type="COMPLEXITY" missed="1" covered="0"/><counter type="METHOD" missed="1" covered="0"/></method><counter type="INSTRUCTION" missed="11" covered="0"/><counter type="LINE" missed="1" covered="0"/><counter type="COMPLEXITY" missed="1" covered="0"/><counter type="METHOD" missed="1" covered="0"/><counter type="CLASS" missed="1" covered="0"/></class><class name="pl/wrzasq/cform/macro/config/LambdaResourcesFactory$api$2" sourcefilename="LambdaResourcesFactory.kt"><method name="invoke" desc="()Lpl/wrzasq/commons/aws/runtime/NativeLambdaApi;" line="27"><counter type="INSTRUCTION" missed="10" covered="0"/><counter type="LINE" missed="1" covered="0"/><counter type="COMPLEXITY" missed="1" covered="0"/><counter type="METHOD" missed="1" covered="0"/></method><counter type="INSTRUCTION" missed="10" covered="0"/><counter type="LINE" missed="1" covered="0"/><counter type="COMPLEXITY" missed="1" covered="0"/><counter type="METHOD" missed="1" covered="0"/><counter type="CLASS" missed="1" covered="0"/></class><class name="pl/wrzasq/cform/macro/config/LambdaResourcesFactory$apiGatewayDefinitionProcessor$2" sourcefilename="LambdaResourcesFactory.kt"><method name="invoke" desc="()Lpl/wrzasq/cform/macro/processors/ApiGatewayDefinition;" line="42"><counter type="INSTRUCTION" missed="4" covered="0"/><counter type="LINE" missed="1" covered="0"/><counter type="COMPLEXITY" missed="1" covered="0"/><counter type="METHOD" missed="1" covered="0"/></method><counter type="INSTRUCTION" missed="4" covered="0"/><counter type="LINE" missed="1" covered="0"/><counter type="COMPLEXITY" missed="1" covered="0"/><counter type="METHOD" missed="1" covered="0"/><counter type="CLASS" missed="1" covered="0"/></class><class name="pl/wrzasq/cform/macro/config/LambdaResourcesFactory$fnToolkitProcessor$2" sourcefilename="LambdaResourcesFactory.kt"><method name="invoke" desc="()Lpl/wrzasq/cform/macro/template/CallsExpander;" line="55"><counter type="INSTRUCTION" missed="8" covered="0"/><counter type="LINE" missed="1" covered="0"/><counter type="COMPLEXITY" missed="1" covered="0"/><counter type="METHOD" missed="1" covered="0"/></method><counter type="INSTRUCTION" missed="8" covered="0"/><counter type="LINE" missed="1" covered="0"/><counter type="COMPLEXITY" missed="1" covered="0"/><counter type="METHOD" missed="1" covered="0"/><counter type="CLASS" missed="1" covered="0"/></class><class name="pl/wrzasq/cform/macro/config/LambdaResourcesFactory$iamStatementsProcessor$2" sourcefilename="LambdaResourcesFactory.kt"><method name="invoke" desc="()Lpl/wrzasq/cform/macro/processors/types/IamStatements;" line="61"><counter type="INSTRUCTION" missed="4" covered="0"/><counter type="LINE" missed="1" covered="0"/><counter type="COMPLEXITY" missed="1" covered="0"/><counter type="METHOD" missed="1" covered="0"/></method><counter type="INSTRUCTION" missed="4" covered="0"/><counter type="LINE" missed="1" covered="0"/><counter type="COMPLEXITY" missed="1" covered="0"/><counter type="METHOD" missed="1" covered="0"/><counter type="CLASS" missed="1" covered="0"/></class><class name="pl/wrzasq/cform/macro/config/LambdaResourcesFactory$automaticLogGroupsProcessor$2" sourcefilename="LambdaResourcesFactory.kt"><method name="invoke" desc="()Lpl/wrzasq/cform/macro/processors/AutomaticLogGroups;" line="44"><counter type="INSTRUCTION" missed="4" covered="0"/><counter type="LINE" missed="1" covered="0"/><counter type="COMPLEXITY" missed="1" covered="0"/><counter type="METHOD" missed="1" covered="0"/></method><counter type="INSTRUCTION" missed="4" covered="0"/><counter type="LINE" missed="1" covered="0"/><counter type="COMPLEXITY" missed="1" covered="0"/><counter type="METHOD" missed="1" covered="0"/><counter type="CLASS" missed="1" covered="0"/></class><sourcefile name="LambdaResourcesFactory.kt"><line nr="26" mi="3" ci="0" mb="0" cb="0"/><line nr="27" mi="27" ci="0" mb="0" cb="0"/><line nr="29" mi="17" ci="0" mb="0" cb="0"/><line nr="30" mi="2" ci="0" mb="0" cb="0"/><line nr="33" mi="20" ci="0" mb="0" cb="0"/><line nr="35" mi="8" ci="0" mb="0" cb="0"/><line nr="36" mi="8" ci="0" mb="0" cb="0"/><line nr="38" mi="8" ci="0" mb="0" cb="0"/><line nr="42" mi="18" ci="0" mb="0" cb="0"/><line nr="44" mi="18" ci="0" mb="0" cb="0"/><line nr="46" mi="17" ci="0" mb="0" cb="0"/><line nr="47" mi="4" ci="0" mb="0" cb="0"/><line nr="48" mi="17" ci="0" mb="0" cb="0"/><line nr="49" mi="5" ci="0" mb="0" cb="0"/><line nr="50" mi="5" ci="0" mb="0" cb="0"/><line nr="51" mi="5" ci="0" mb="0" cb="0"/><line nr="55" mi="22" ci="0" mb="0" cb="0"/><line nr="57" mi="18" ci="0" mb="0" cb="0"/><line nr="59" mi="18" ci="0" mb="0" cb="0"/><line nr="61" mi="18" ci="0" mb="0" cb="0"/><line nr="63" mi="18" ci="0" mb="0" cb="0"/><line nr="65" mi="17" ci="0" mb="0" cb="0"/><line nr="67" mi="34" ci="0" mb="0" cb="0"/><line nr="78" mi="4" ci="0" mb="0" cb="0"/><line nr="79" mi="9" ci="0" mb="0" cb="0"/><line nr="80" mi="1" ci="0" mb="0" cb="0"/><counter type="INSTRUCTION" missed="344" covered="0"/><counter type="LINE" missed="26" covered="0"/><counter type="COMPLEXITY" missed="27" covered="0"/><counter type="METHOD" missed="27" covered="0"/><counter type="CLASS" missed="14" covered="0"/></sourcefile><sourcefile name="ResourcesFactory.kt"/><counter type="INSTRUCTION" missed="344" covered="0"/><counter type="LINE" missed="26" covered="0"/><counter type="COMPLEXITY" missed="27" covered="0"/><counter type="METHOD" missed="27" covered="0"/><counter type="CLASS" missed="14" covered="0"/></package><package name="pl/wrzasq/cform/macro/pipeline/types"><class name="pl/wrzasq/cform/macro/pipeline/types/CloudFormationDeploy" sourcefilename="CloudFormationDeploy.kt"><method name="&lt;init&gt;" desc="(Ljava/lang/String;Ljava/util/Map;Ljava/lang/String;)V" line="28"><counter type="INSTRUCTION" missed="0" covered="118"/><counter type="BRANCH" missed="2" covered="8"/><counter type="LINE" missed="0" covered="14"/><counter type="COMPLEXITY" missed="2" covered="4"/><counter type="METHOD" missed="0" covered="1"/></method><method name="compile" desc="(Lpl/wrzasq/cform/macro/pipeline/PipelineManager;)V" line="53"><counter type="INSTRUCTION" missed="0" covered="45"/><counter type="BRANCH" missed="0" covered="2"/><counter type="LINE" missed="0" covered="6"/><counter type="COMPLEXITY" missed="0" covered="2"/><counter type="METHOD" missed="0" covered="1"/></method><method name="buildActionTypeId" desc="()Ljava/util/Map;" line="70"><counter type="INSTRUCTION" missed="0" covered="8"/><counter type="LINE" missed="0" covered="1"/><counter type="COMPLEXITY" missed="0" covered="1"/><counter type="METHOD" missed="0" covered="1"/></method><method name="buildConfiguration" desc="(Ljava/util/Map;)V" line="73"><counter type="INSTRUCTION" missed="0" covered="122"/><counter type="BRANCH" missed="0" covered="8"/><counter type="LINE" missed="0" covered="13"/><counter type="COMPLEXITY" missed="0" covered="5"/><counter type="METHOD" missed="0" covered="1"/></method><method name="includeArtifact" desc="(Ljava/lang/Object;)V" line="114"><counter type="INSTRUCTION" missed="0" covered="23"/><counter type="LINE" missed="0" covered="2"/><counter type="COMPLEXITY" missed="0" covered="1"/><counter type="METHOD" missed="0" covered="1"/></method><counter type="INSTRUCTION" missed="0" covered="316"/><counter type="BRANCH" missed="2" covered="18"/><counter type="LINE" missed="0" covered="36"/><counter type="COMPLEXITY" missed="2" covered="13"/><counter type="METHOD" missed="0" covered="5"/><counter type="CLASS" missed="0" covered="1"/></class><class name="pl/wrzasq/cform/macro/pipeline/types/CodeBuild" sourcefilename="CodeBuild.kt"><method name="&lt;init&gt;" desc="(Ljava/lang/String;Ljava/util/Map;Ljava/lang/String;)V" line="17"><counter type="INSTRUCTION" missed="0" covered="18"/><counter type="LINE" missed="0" covered="3"/><counter type="COMPLEXITY" missed="0" covered="1"/><counter type="METHOD" missed="0" covered="1"/></method><method name="buildActionTypeId" desc="()Ljava/util/Map;" line="24"><counter type="INSTRUCTION" missed="0" covered="8"/><counter type="LINE" missed="0" covered="1"/><counter type="COMPLEXITY" missed="0" covered="1"/><counter type="METHOD" missed="0" covered="1"/></method><method name="buildConfiguration" desc="(Ljava/util/Map;)V" line="27"><counter type="INSTRUCTION" missed="0" covered="31"/><counter type="BRANCH" missed="0" covered="2"/><counter type="LINE" missed="0" covered="2"/><counter type="COMPLEXITY" missed="0" covered="2"/><counter type="METHOD" missed="0" covered="1"/></method><counter type="INSTRUCTION" missed="0" covered="57"/><counter type="BRANCH" missed="0" covered="2"/><counter type="LINE" missed="0" covered="6"/><counter type="COMPLEXITY" missed="0" covered="4"/><counter type="METHOD" missed="0" covered="3"/><counter type="CLASS" missed="0" covered="1"/></class><class name="pl/wrzasq/cform/macro/pipeline/types/CloudFormationDeploy$buildConfiguration$final$1" sourcefilename="CloudFormationDeploy.kt"><method name="invoke" desc="(Ljava/lang/Object;)Ljava/lang/Object;" line="78"><counter type="INSTRUCTION" missed="2" covered="163"/><counter type="BRANCH" missed="5" covered="25"/><counter type="LINE" missed="0" covered="14"/><counter type="COMPLEXITY" missed="5" covered="11"/><counter type="METHOD" missed="0" covered="1"/></method><counter type="INSTRUCTION" missed="2" covered="163"/><counter type="BRANCH" missed="5" covered="25"/><counter type="LINE" missed="0" covered="14"/><counter type="COMPLEXITY" missed="5" covered="11"/><counter type="METHOD" missed="0" covered="1"/><counter type="CLASS" missed="0" covered="1"/></class><class name="pl/wrzasq/cform/macro/pipeline/types/CloudFormationDeployKt" sourcefilename="CloudFormationDeploy.kt"><method name="generateParamPlaceholder" desc="(ILjava/lang/Object;Ljava/util/Map;)Ljava/lang/String;" line="119"><counter type="INSTRUCTION" missed="0" covered="25"/><counter type="LINE" missed="0" covered="3"/><counter type="COMPLEXITY" missed="0" covered="1"/><counter type="METHOD" missed="0" covered="1"/></method><method name="&lt;clinit&gt;" desc="()V" line="18"><counter type="INSTRUCTION" missed="0" covered="9"/><counter type="LINE" missed="0" covered="2"/><counter type="COMPLEXITY" missed="0" covered="1"/><counter type="METHOD" missed="0" covered="1"/></method><counter type="INSTRUCTION" missed="0" covered="34"/><counter type="LINE" missed="0" covered="5"/><counter type="COMPLEXITY" missed="0" covered="2"/><counter type="METHOD" missed="0" covered="2"/><counter type="CLASS" missed="0" covered="1"/></class><class name="pl/wrzasq/cform/macro/pipeline/types/S3Deploy" sourcefilename="S3Deploy.kt"><method name="&lt;init&gt;" desc="(Ljava/lang/String;Ljava/util/Map;Ljava/lang/String;)V" line="17"><counter type="INSTRUCTION" missed="0" covered="24"/><counter type="LINE" missed="0" covered="4"/><counter type="COMPLEXITY" missed="0" covered="1"/><counter type="METHOD" missed="0" covered="1"/></method><method name="getObjectKey" desc="()Ljava/lang/Object;" line="23"><counter type="INSTRUCTION" missed="3" covered="0"/><counter type="LINE" missed="1" covered="0"/><counter type="COMPLEXITY" missed="1" covered="0"/><counter type="METHOD" missed="1" covered="0"/></method><method name="setObjectKey" desc="(Ljava/lang/Object;)V" line="23"><counter type="INSTRUCTION" missed="0" covered="4"/><counter type="LINE" missed="0" covered="1"/><counter type="COMPLEXITY" missed="0" covered="1"/><counter type="METHOD" missed="0" covered="1"/></method><method name="buildActionTypeId" desc="()Ljava/util/Map;" line="25"><counter type="INSTRUCTION" missed="0" covered="8"/><counter type="LINE" missed="0" covered="1"/><counter type="COMPLEXITY" missed="0" covered="1"/><counter type="METHOD" missed="0" covered="1"/></method><method name="buildConfiguration" desc="(Ljava/util/Map;)V" line="28"><counter type="INSTRUCTION" missed="0" covered="58"/><counter type="BRANCH" missed="0" covered="4"/><counter type="LINE" missed="0" covered="3"/><counter type="COMPLEXITY" missed="0" covered="3"/><counter type="METHOD" missed="0" covered="1"/></method><counter type="INSTRUCTION" missed="3" covered="94"/><counter type="BRANCH" missed="0" covered="4"/><counter type="LINE" missed="0" covered="8"/><counter type="COMPLEXITY" missed="1" covered="6"/><counter type="METHOD" missed="1" covered="4"/><counter type="CLASS" missed="0" covered="1"/></class><class name="pl/wrzasq/cform/macro/pipeline/types/S3Promote" sourcefilename="S3Promote.kt"><method name="&lt;init&gt;" desc="(Ljava/lang/String;Ljava/util/Map;Ljava/lang/String;)V" line="19"><counter type="INSTRUCTION" missed="0" covered="19"/><counter type="LINE" missed="0" covered="3"/><counter type="COMPLEXITY" missed="0" covered="1"/><counter type="METHOD" missed="0" covered="1"/></method><method name="compile" desc="(Lpl/wrzasq/cform/macro/pipeline/PipelineManager;)V" line="27"><counter type="INSTRUCTION" missed="0" covered="53"/><counter type="BRANCH" missed="0" covered="2"/><counter type="LINE" missed="0" covered="5"/><counter type="COMPLEXITY" missed="0" covered="2"/><counter type="METHOD" missed="0" covered="1"/></method><method name="buildConfiguration" desc="(Ljava/util/Map;)V" line="35"><counter type="INSTRUCTION" missed="0" covered="34"/><counter type="LINE" missed="0" covered="4"/><counter type="COMPLEXITY" missed="0" covered="1"/><counter type="METHOD" missed="0" covered="1"/></method><counter type="INSTRUCTION" missed="0" covered="106"/><counter type="BRANCH" missed="0" covered="2"/><counter type="LINE" missed="0" covered="12"/><counter type="COMPLEXITY" missed="0" covered="4"/><counter type="METHOD" missed="0" covered="3"/><counter type="CLASS" missed="0" covered="1"/></class><class name="pl/wrzasq/cform/macro/pipeline/types/S3Source" sourcefilename="S3Source.kt"><method name="&lt;init&gt;" desc="(Ljava/lang/String;Ljava/util/Map;Ljava/lang/String;)V" line="17"><counter type="INSTRUCTION" missed="0" covered="68"/><counter type="BRANCH" missed="0" covered="4"/><counter type="LINE" missed="0" covered="4"/><counter type="COMPLEXITY" missed="0" covered="3"/><counter type="METHOD" missed="0" covered="1"/></method><method name="getObjectKey" desc="()Ljava/lang/Object;" line="27"><counter type="INSTRUCTION" missed="0" covered="3"/><counter type="LINE" missed="0" covered="1"/><counter type="COMPLEXITY" missed="0" covered="1"/><counter type="METHOD" missed="0" covered="1"/></method><method name="buildActionTypeId" desc="()Ljava/util/Map;" line="29"><counter type="INSTRUCTION" missed="0" covered="8"/><counter type="LINE" missed="0" covered="1"/><counter type="COMPLEXITY" missed="0" covered="1"/><counter type="METHOD" missed="0" covered="1"/></method><method name="buildConfiguration" desc="(Ljava/util/Map;)V" line="32"><counter type="INSTRUCTION" missed="0" covered="32"/><counter type="LINE" missed="0" covered="3"/><counter type="COMPLEXITY" missed="0" covered="1"/><counter type="METHOD" missed="0" covered="1"/></method><counter type="INSTRUCTION" missed="0" covered="111"/><counter type="BRANCH" missed="0" covered="4"/><counter type="LINE" missed="0" covered="8"/><counter type="COMPLEXITY" missed="0" covered="6"/><counter type="METHOD" missed="0" covered="4"/><counter type="CLASS" missed="0" covered="1"/></class><class name="pl/wrzasq/cform/macro/pipeline/types/GenericActionKt$fromMap$1" sourcefilename="GenericAction.kt"><method name="invoke" desc="(Ljava/lang/String;Ljava/util/Map;Ljava/lang/String;)Lpl/wrzasq/cform/macro/pipeline/types/GenericAction;" line="39"><counter type="INSTRUCTION" missed="0" covered="45"/><counter type="BRANCH" missed="0" covered="4"/><counter type="LINE" missed="0" covered="8"/><counter type="COMPLEXITY" missed="0" covered="3"/><counter type="METHOD" missed="0" covered="1"/></method><counter type="INSTRUCTION" missed="0" covered="45"/><counter type="BRANCH" missed="0" covered="4"/><counter type="LINE" missed="0" covered="8"/><counter type="COMPLEXITY" missed="0" covered="3"/><counter type="METHOD" missed="0" covered="1"/><counter type="CLASS" missed="0" covered="1"/></class><class name="pl/wrzasq/cform/macro/pipeline/types/GenericActionKt" sourcefilename="GenericAction.kt"><method name="fromMap" desc="(Ljava/util/Map;)Lkotlin/jvm/functions/Function3;" line="38"><counter type="INSTRUCTION" missed="0" covered="9"/><counter type="LINE" missed="0" covered="2"/><counter type="COMPLEXITY" missed="0" covered="1"/><counter type="METHOD" missed="0" covered="1"/></method><counter type="INSTRUCTION" missed="0" covered="9"/><counter type="LINE" missed="0" covered="2"/><counter type="COMPLEXITY" missed="0" covered="1"/><counter type="METHOD" missed="0" covered="1"/><counter type="CLASS" missed="0" covered="1"/></class><class name="pl/wrzasq/cform/macro/pipeline/types/CloudFormationDeploy$compile$1$1" sourcefilename="CloudFormationDeploy.kt"><method name="invoke" desc="(Lkotlin/text/MatchResult;)Ljava/lang/CharSequence;" line="57"><counter type="INSTRUCTION" missed="0" covered="51"/><counter type="LINE" missed="0" covered="4"/><counter type="COMPLEXITY" missed="0" covered="1"/><counter type="METHOD" missed="0" covered="1"/></method><counter type="INSTRUCTION" missed="0" covered="51"/><counter type="LINE" missed="0" covered="4"/><counter type="COMPLEXITY" missed="0" covered="1"/><counter type="METHOD" missed="0" covered="1"/><counter type="CLASS" missed="0" covered="1"/></class><class name="pl/wrzasq/cform/macro/pipeline/types/GenericAction" sourcefilename="GenericAction.kt"><method name="&lt;init&gt;" desc="(Ljava/lang/String;Ljava/util/Map;Ljava/lang/String;Ljava/lang/String;Ljava/lang/String;Ljava/lang/String;Ljava/lang/String;)V" line="21"><counter type="INSTRUCTION" missed="0" covered="36"/><counter type="LINE" missed="0" covered="6"/><counter type="COMPLEXITY" missed="0" covered="1"/><counter type="METHOD" missed="0" covered="1"/></method><method name="buildActionTypeId" desc="()Ljava/util/Map;" line="30"><counter type="INSTRUCTION" missed="0" covered="10"/><counter type="LINE" missed="0" covered="1"/><counter type="COMPLEXITY" missed="0" covered="1"/><counter type="METHOD" missed="0" covered="1"/></method><counter type="INSTRUCTION" missed="0" covered="46"/><counter type="LINE" missed="0" covered="7"/><counter type="COMPLEXITY" missed="0" covered="2"/><counter type="METHOD" missed="0" covered="2"/><counter type="CLASS" missed="0" covered="1"/></class><class name="pl/wrzasq/cform/macro/pipeline/types/BaseActionKt" sourcefilename="BaseAction.kt"><method name="readArtifacts" desc="(Ljava/lang/Object;Ljava/util/Set;)V" line="91"><counter type="INSTRUCTION" missed="0" covered="55"/><counter type="BRANCH" missed="2" covered="8"/><counter type="LINE" missed="0" covered="7"/><counter type="COMPLEXITY" missed="2" covered="4"/><counter type="METHOD" missed="0" covered="1"/></method><method name="buildArtifacts" desc="(Ljava/lang/Object;)Ljava/lang/Object;" line="102"><counter type="INSTRUCTION" missed="1" covered="23"/><counter type="BRANCH" missed="1" covered="3"/><counter type="LINE" missed="0" covered="4"/><counter type="COMPLEXITY" missed="1" covered="2"/><counter type="METHOD" missed="0" covered="1"/></method><method name="buildAwsActionTypeId" desc="(Ljava/lang/String;Ljava/lang/String;Ljava/lang/String;Ljava/lang/String;)Ljava/util/Map;" line="116"><counter type="INSTRUCTION" missed="0" covered="42"/><counter type="LINE" missed="0" covered="6"/><counter type="COMPLEXITY" missed="0" covered="1"/><counter type="METHOD" missed="0" covered="1"/></method><method name="buildAwsActionTypeId$default" desc="(Ljava/lang/String;Ljava/lang/String;Ljava/lang/String;Ljava/lang/String;ILjava/lang/Object;)Ljava/util/Map;" line="116"><counter type="INSTRUCTION" missed="0" covered="16"/><counter type="LINE" missed="0" covered="1"/><counter type="COMPLEXITY" missed="0" covered="1"/><counter type="METHOD" missed="0" covered="1"/></method><counter type="INSTRUCTION" missed="1" covered="136"/><counter type="BRANCH" missed="3" covered="11"/><counter type="LINE" missed="0" covered="17"/><counter type="COMPLEXITY" missed="3" covered="8"/><counter type="METHOD" missed="0" covered="4"/><counter type="CLASS" missed="0" covered="1"/></class><class name="pl/wrzasq/cform/macro/pipeline/types/BaseAction" sourcefilename="BaseAction.kt"><method name="&lt;init&gt;" desc="(Ljava/lang/String;Ljava/util/Map;Ljava/lang/String;)V" line="25"><counter type="INSTRUCTION" missed="2" covered="123"/><counter type="BRANCH" missed="1" covered="9"/><counter type="LINE" missed="0" covered="13"/><counter type="COMPLEXITY" missed="1" covered="5"/><counter type="METHOD" missed="0" covered="1"/></method><method name="getName" desc="()Ljava/lang/String;" line="26"><counter type="INSTRUCTION" missed="0" covered="3"/><counter type="LINE" missed="0" covered="1"/><counter type="COMPLEXITY" missed="0" covered="1"/><counter type="METHOD" missed="0" covered="1"/></method><method name="getProperties" desc="()Ljava/util/Map;" line="30"><counter type="INSTRUCTION" missed="0" covered="3"/><counter type="LINE" missed="0" covered="1"/><counter type="COMPLEXITY" missed="0" covered="1"/><counter type="METHOD" missed="0" covered="1"/></method><method name="getInputs" desc="()Ljava/util/Set;" line="31"><counter type="INSTRUCTION" missed="0" covered="3"/><counter type="LINE" missed="0" covered="1"/><counter type="COMPLEXITY" missed="0" covered="1"/><counter type="METHOD" missed="0" covered="1"/></method><method name="getOutputs" desc="()Ljava/util/Set;" line="32"><counter type="INSTRUCTION" missed="0" covered="3"/><counter type="LINE" missed="0" covered="1"/><counter type="COMPLEXITY" missed="0" covered="1"/><counter type="METHOD" missed="0" covered="1"/></method><method name="getDependencies" desc="()Ljava/util/Set;" line="33"><counter type="INSTRUCTION" missed="0" covered="3"/><counter type="LINE" missed="0" covered="1"/><counter type="COMPLEXITY" missed="0" covered="1"/><counter type="METHOD" missed="0" covered="1"/></method><method name="getNamespace" desc="()Ljava/lang/String;" line="37"><counter type="INSTRUCTION" missed="0" covered="3"/><counter type="LINE" missed="0" covered="1"/><counter type="COMPLEXITY" missed="0" covered="1"/><counter type="METHOD" missed="0" covered="1"/></method><method name="setNamespace" desc="(Ljava/lang/String;)V" line="37"><counter type="INSTRUCTION" missed="0" covered="4"/><counter type="LINE" missed="0" covered="1"/><counter type="COMPLEXITY" missed="0" covered="1"/><counter type="METHOD" missed="0" covered="1"/></method><method name="getRunOrder" desc="()Ljava/lang/Integer;" line="38"><counter type="INSTRUCTION" missed="0" covered="3"/><counter type="LINE" missed="0" covered="1"/><counter type="COMPLEXITY" missed="0" covered="1"/><counter type="METHOD" missed="0" covered="1"/></method><method name="setRunOrder" desc="(Ljava/lang/Integer;)V" line="38"><counter type="INSTRUCTION" missed="0" covered="4"/><counter type="LINE" missed="0" covered="1"/><counter type="COMPLEXITY" missed="0" covered="1"/><counter type="METHOD" missed="0" covered="1"/></method><method name="buildConfiguration" desc="(Ljava/util/Map;)V" line="57"><counter type="INSTRUCTION" missed="0" covered="4"/><counter type="LINE" missed="0" covered="1"/><counter type="COMPLEXITY" missed="0" covered="1"/><counter type="METHOD" missed="0" covered="1"/></method><method name="buildDefinition" desc="()Ljava/util/Map;" line="60"><counter type="INSTRUCTION" missed="0" covered="196"/><counter type="BRANCH" missed="0" covered="16"/><counter type="LINE" missed="0" covered="17"/><counter type="COMPLEXITY" missed="0" covered="9"/><counter type="METHOD" missed="0" covered="1"/></method><method name="compile" desc="(Lpl/wrzasq/cform/macro/pipeline/PipelineManager;)V" line="25"><counter type="INSTRUCTION" missed="0" covered="4"/><counter type="LINE" missed="0" covered="1"/><counter type="COMPLEXITY" missed="0" covered="1"/><counter type="METHOD" missed="0" covered="1"/></method><counter type="INSTRUCTION" missed="2" covered="356"/><counter type="BRANCH" missed="1" covered="25"/><counter type="LINE" missed="0" covered="31"/><counter type="COMPLEXITY" missed="1" covered="25"/><counter type="METHOD" missed="0" covered="13"/><counter type="CLASS" missed="0" covered="1"/></class><sourcefile name="S3Promote.kt"><line nr="19" mi="0" ci="1" mb="0" cb="0"/><line nr="23" mi="0" ci="5" mb="0" cb="0"/><line nr="24" mi="0" ci="7" mb="0" cb="0"/><line nr="27" mi="0" ci="5" mb="0" cb="0"/><line nr="28" mi="0" ci="31" mb="0" cb="2"/><line nr="30" mi="0" ci="5" mb="0" cb="0"/><line nr="31" mi="0" ci="8" mb="0" cb="0"/><line nr="32" mi="0" ci="1" mb="0" cb="0"/><line nr="35" mi="0" ci="3" mb="0" cb="0"/><line nr="37" mi="0" ci="14" mb="0" cb="0"/><line nr="38" mi="0" ci="13" mb="0" cb="0"/><line nr="39" mi="0" ci="1" mb="0" cb="0"/><counter type="INSTRUCTION" missed="0" covered="106"/><counter type="BRANCH" missed="0" covered="2"/><counter type="LINE" missed="0" covered="12"/><counter type="COMPLEXITY" missed="0" covered="4"/><counter type="METHOD" missed="0" covered="3"/><counter type="CLASS" missed="0" covered="1"/></sourcefile><sourcefile name="BaseAction.kt"><line nr="25" mi="0" ci="7" mb="0" cb="0"/><line nr="26" mi="0" ci="6" mb="0" cb="0"/><line nr="28" mi="0" ci="3" mb="0" cb="0"/><line nr="30" mi="0" ci="7" mb="0" cb="0"/><line nr="31" mi="0" ci="11" mb="0" cb="0"/><line nr="32" mi="0" ci="11" mb="0" cb="0"/><line nr="33" mi="0" ci="11" mb="0" cb="0"/><line nr="37" mi="0" ci="20" mb="0" cb="2"/><line nr="38" mi="2" ci="30" mb="1" cb="3"/><line nr="40" mi="0" ci="1" mb="0" cb="0"/><line nr="41" mi="0" ci="21" mb="0" cb="2"/><line nr="42" mi="0" ci="21" mb="0" cb="2"/><line nr="43" mi="0" ci="1" mb="0" cb="0"/><line nr="57" mi="0" ci="1" mb="0" cb="0"/><line nr="60" mi
[...]
><counter type="LINE" missed="0" covered="2"/><counter type="COMPLEXITY" missed="0" covered="1"/><counter type="METHOD" missed="0" covered="1"/></method><method name="processTemplate" desc="(Ljava/util/Map;)Ljava/util/Map;" line="24"><counter type="INSTRUCTION" missed="0" covered="28"/><counter type="LINE" missed="0" covered="4"/><counter type="COMPLEXITY" missed="0" covered="1"/><counter type="METHOD" missed="0" covered="1"/></method><method name="traverse" desc="(Ljava/lang/Object;)Ljava/lang/Object;" line="30"><counter type="INSTRUCTION" missed="0" covered="30"/><counter type="BRANCH" missed="0" covered="4"/><counter type="LINE" missed="0" covered="5"/><counter type="COMPLEXITY" missed="0" covered="3"/><counter type="METHOD" missed="0" covered="1"/></method><method name="traverseMap" desc="(Ljava/util/Map;)Ljava/util/Map;" line="37"><counter type="INSTRUCTION" missed="0" covered="40"/><counter type="BRANCH" missed="0" covered="4"/><counter type="LINE" missed="0" covered="4"/><counter type="COMPLEXITY" missed="0" covered="3"/><counter type="METHOD" missed="0" covered="1"/></method><counter type="INSTRUCTION" missed="0" covered="107"/><counter type="BRANCH" missed="0" covered="8"/><counter type="LINE" missed="0" covered="15"/><counter type="COMPLEXITY" missed="0" covered="8"/><counter type="METHOD" missed="0" covered="4"/><counter type="CLASS" missed="0" covered="1"/></class><class name="pl/wrzasq/cform/macro/template/FnKt" sourcefilename="Fn.kt"><method name="getNO_VALUE" desc="()Ljava/util/Map;" line="13"><counter type="INSTRUCTION" missed="0" covered="2"/><counter type="LINE" missed="0" covered="1"/><counter type="COMPLEXITY" missed="0" covered="1"/><counter type="METHOD" missed="0" covered="1"/></method><method name="&lt;clinit&gt;" desc="()V" line="13"><counter type="INSTRUCTION" missed="0" covered="5"/><counter type="LINE" missed="0" covered="1"/><counter type="COMPLEXITY" missed="0" covered="1"/><counter type="METHOD" missed="0" covered="1"/></method><counter type="INSTRUCTION" missed="0" covered="7"/><counter type="LINE" missed="0" covered="1"/><counter type="COMPLEXITY" missed="0" covered="2"/><counter type="METHOD" missed="0" covered="2"/><counter type="CLASS" missed="0" covered="1"/></class><class name="pl/wrzasq/cform/macro/template/ExpansionHandler" sourcefilename="ExpansionHandler.kt"/><class name="pl/wrzasq/cform/macro/template/UtilsKt" sourcefilename="Utils.kt"><method name="asMap" desc="(Ljava/lang/Object;)Ljava/util/Map;" line="59"><counter type="INSTRUCTION" missed="0" covered="60"/><counter type="BRANCH" missed="0" covered="6"/><counter type="LINE" missed="0" covered="6"/><counter type="COMPLEXITY" missed="0" covered="4"/><counter type="METHOD" missed="0" covered="1"/></method><method name="asMapAlways" desc="(Ljava/lang/Object;)Ljava/util/Map;" line="76"><counter type="INSTRUCTION" missed="0" covered="24"/><counter type="BRANCH" missed="0" covered="4"/><counter type="LINE" missed="0" covered="1"/><counter type="COMPLEXITY" missed="0" covered="3"/><counter type="METHOD" missed="0" covered="1"/></method><method name="popProperty" desc="(Ljava/util/Map;Ljava/lang/String;Lkotlin/jvm/functions/Function1;Ljava/lang/Object;)Ljava/util/Map;" line="87"><counter type="INSTRUCTION" missed="1" covered="50"/><counter type="BRANCH" missed="1" covered="9"/><counter type="LINE" missed="0" covered="6"/><counter type="COMPLEXITY" missed="1" covered="5"/><counter type="METHOD" missed="0" covered="1"/></method><method name="popProperty$default" desc="(Ljava/util/Map;Ljava/lang/String;Lkotlin/jvm/functions/Function1;Ljava/lang/Object;ILjava/lang/Object;)Ljava/util/Map;" line="86"><counter type="INSTRUCTION" missed="0" covered="11"/><counter type="LINE" missed="0" covered="1"/><counter type="COMPLEXITY" missed="0" covered="1"/><counter type="METHOD" missed="0" covered="1"/></method><method name="mapSelected" desc="(Ljava/util/Map;[Lkotlin/Pair;)Ljava/util/Map;" line="102"><counter type="INSTRUCTION" missed="0" covered="43"/><counter type="BRANCH" missed="0" covered="4"/><counter type="LINE" missed="0" covered="3"/><counter type="COMPLEXITY" missed="0" covered="3"/><counter type="METHOD" missed="0" covered="1"/></method><method name="mapSelected" desc="(Ljava/util/Map;Ljava/lang/String;Lkotlin/jvm/functions/Function1;)Ljava/util/Map;" line="113"><counter type="INSTRUCTION" missed="0" covered="22"/><counter type="LINE" missed="0" covered="1"/><counter type="COMPLEXITY" missed="0" covered="1"/><counter type="METHOD" missed="0" covered="1"/></method><method name="mapValuesOnly" desc="(Ljava/util/Map;Lkotlin/jvm/functions/Function1;)Ljava/util/Map;" line="121"><counter type="INSTRUCTION" missed="0" covered="21"/><counter type="LINE" missed="0" covered="1"/><counter type="COMPLEXITY" missed="0" covered="1"/><counter type="METHOD" missed="0" covered="1"/></method><method name="rebuildResource" desc="(Ljava/lang/Object;Ljava/util/Map;)Ljava/util/Map;" line="133"><counter type="INSTRUCTION" missed="0" covered="14"/><counter type="LINE" missed="0" covered="1"/><counter type="COMPLEXITY" missed="0" covered="1"/><counter type="METHOD" missed="0" covered="1"/></method><method name="createResource" desc="(Lpl/wrzasq/cform/macro/model/ResourceDefinition;)Lkotlin/Pair;" line="142"><counter type="INSTRUCTION" missed="0" covered="105"/><counter type="BRANCH" missed="1" covered="13"/><counter type="LINE" missed="0" covered="8"/><counter type="COMPLEXITY" missed="1" covered="7"/><counter type="METHOD" missed="0" covered="1"/></method><method name="asDefinition" desc="(Ljava/lang/String;Ljava/lang/Object;)Lpl/wrzasq/cform/macro/model/ResourceDefinition;" line="163"><counter type="INSTRUCTION" missed="2" covered="130"/><counter type="BRANCH" missed="1" covered="15"/><counter type="LINE" missed="0" covered="9"/><counter type="COMPLEXITY" missed="1" covered="8"/><counter type="METHOD" missed="0" covered="1"/></method><method name="build" desc="(Lpl/wrzasq/cform/macro/model/ResourceDefinition;)Lkotlin/Pair;" line="182"><counter type="INSTRUCTION" missed="0" covered="6"/><counter type="LINE" missed="0" covered="1"/><counter type="COMPLEXITY" missed="0" covered="1"/><counter type="METHOD" missed="0" covered="1"/></method><method name="popProperty" desc="(Lpl/wrzasq/cform/macro/model/ResourceDefinition;Ljava/lang/String;Lkotlin/jvm/functions/Function1;Ljava/lang/Object;)Lpl/wrzasq/cform/macro/model/ResourceDefinition;" line="192"><counter type="INSTRUCTION" missed="0" covered="24"/><counter type="LINE" missed="0" covered="3"/><counter type="COMPLEXITY" missed="0" covered="1"/><counter type="METHOD" missed="0" covered="1"/></method><method name="popProperty$default" desc="(Lpl/wrzasq/cform/macro/model/ResourceDefinition;Ljava/lang/String;Lkotlin/jvm/functions/Function1;Ljava/lang/Object;ILjava/lang/Object;)Lpl/wrzasq/cform/macro/model/ResourceDefinition;" line="192"><counter type="INSTRUCTION" missed="0" covered="11"/><counter type="LINE" missed="0" covered="1"/><counter type="COMPLEXITY" missed="0" covered="1"/><counter type="METHOD" missed="0" covered="1"/></method><counter type="INSTRUCTION" missed="3" covered="521"/><counter type="BRANCH" missed="3" covered="51"/><counter type="LINE" missed="0" covered="41"/><counter type="COMPLEXITY" missed="3" covered="37"/><counter type="METHOD" missed="0" covered="13"/><counter type="CLASS" missed="0" covered="1"/></class><sourcefile name="Fn.kt"><line nr="13" mi="0" ci="7" mb="0" cb="0"/><line nr="25" mi="0" ci="5" mb="0" cb="0"/><line nr="34" mi="0" ci="17" mb="0" cb="0"/><line nr="42" mi="0" ci="5" mb="0" cb="0"/><line nr="50" mi="0" ci="5" mb="0" cb="0"/><line nr="60" mi="0" ci="1" mb="0" cb="0"/><line nr="61" mi="0" ci="19" mb="0" cb="0"/><line nr="62" mi="0" ci="1" mb="0" cb="0"/><line nr="74" mi="0" ci="8" mb="0" cb="4"/><line nr="75" mi="0" ci="7" mb="0" cb="0"/><line nr="76" mi="0" ci="9" mb="0" cb="0"/><line nr="78" mi="0" ci="7" mb="1" cb="3"/><line nr="79" mi="0" ci="15" mb="0" cb="0"/><line nr="82" mi="0" ci="4" mb="0" cb="2"/><line nr="83" mi="0" ci="3" mb="0" cb="2"/><line nr="84" mi="0" ci="15" mb="0" cb="0"/><line nr="85" mi="0" ci="15" mb="3" cb="3"/><line nr="86" mi="0" ci="25" mb="0" cb="0"/><line nr="91" mi="0" ci="7" mb="1" cb="3"/><line nr="92" mi="0" ci="15" mb="0" cb="0"/><line nr="95" mi="0" ci="4" mb="1" cb="1"/><line nr="96" mi="0" ci="3" mb="0" cb="2"/><line nr="97" mi="0" ci="6" mb="0" cb="0"/><line nr="98" mi="0" ci="9" mb="2" cb="2"/><line nr="99" mi="0" ci="25" mb="0" cb="0"/><line nr="102" mi="0" ci="3" mb="0" cb="2"/><line nr="104" mi="0" ci="13" mb="0" cb="0"/><line nr="108" mi="0" ci="21" mb="0" cb="0"/><counter type="INSTRUCTION" missed="0" covered="304"/><counter type="BRANCH" missed="8" covered="24"/><counter type="LINE" missed="0" covered="28"/><counter type="COMPLEXITY" missed="8" covered="16"/><counter type="METHOD" missed="0" covered="8"/><counter type="CLASS" missed="0" covered="2"/></sourcefile><sourcefile name="ExpansionHandler.kt"/><sourcefile name="CallsExpander.kt"><line nr="15" mi="0" ci="3" mb="0" cb="0"/><line nr="16" mi="0" ci="3" mb="0" cb="0"/><line nr="24" mi="0" ci="2" mb="0" cb="0"/><line nr="26" mi="0" ci="15" mb="0" cb="0"/><line nr="27" mi="0" ci="7" mb="0" cb="0"/><line nr="28" mi="0" ci="1" mb="0" cb="0"/><line nr="30" mi="0" ci="2" mb="0" cb="0"/><line nr="31" mi="0" ci="8" mb="0" cb="2"/><line nr="32" mi="0" ci="18" mb="0" cb="2"/><line nr="33" mi="0" ci="1" mb="0" cb="0"/><line nr="34" mi="0" ci="1" mb="0" cb="0"/><line nr="37" mi="0" ci="13" mb="0" cb="4"/><line nr="38" mi="0" ci="19" mb="0" cb="0"/><line nr="40" mi="0" ci="1" mb="0" cb="0"/><line nr="41" mi="0" ci="7" mb="0" cb="0"/><counter type="INSTRUCTION" missed="0" covered="107"/><counter type="BRANCH" missed="0" covered="8"/><counter type="LINE" missed="0" covered="15"/><counter type="COMPLEXITY" missed="0" covered="8"/><counter type="METHOD" missed="0" covered="4"/><counter type="CLASS" missed="0" covered="1"/></sourcefile><sourcefile name="Utils.kt"><line nr="59" mi="0" ci="7" mb="0" cb="0"/><line nr="60" mi="0" ci="3" mb="0" cb="2"/><line nr="61" mi="0" ci="30" mb="0" cb="2"/><line nr="62" mi="0" ci="2" mb="0" cb="2"/><line nr="63" mi="0" ci="13" mb="0" cb="0"/><line nr="67" mi="0" ci="2" mb="0" cb="0"/><line nr="76" mi="0" ci="24" mb="0" cb="4"/><line nr="86" mi="0" ci="11" mb="0" cb="0"/><line nr="87" mi="0" ci="4" mb="0" cb="2"/><line nr="88" mi="1" ci="16" mb="1" cb="1"/><line nr="89" mi="0" ci="13" mb="0" cb="4"/><line nr="90" mi="0" ci="2" mb="0" cb="2"/><line nr="91" mi="0" ci="4" mb="0" cb="0"/><line nr="93" mi="0" ci="2" mb="0" cb="0"/><line nr="102" mi="0" ci="4" mb="0" cb="0"/><line nr="103" mi="0" ci="32" mb="0" cb="4"/><line nr="104" mi="0" ci="1" mb="0" cb="0"/><line nr="113" mi="0" ci="13" mb="0" cb="0"/><line nr="121" mi="0" ci="15" mb="0" cb="0"/><line nr="133" mi="0" ci="8" mb="0" cb="0"/><line nr="142" mi="0" ci="13" mb="0" cb="0"/><line nr="143" mi="0" ci="17" mb="1" cb="5"/><line nr="144" mi="0" ci="14" mb="0" cb="0"/><line nr="146" mi="0" ci="13" mb="0" cb="4"/><line nr="147" mi="0" ci="14" mb="0" cb="0"/><line nr="149" mi="0" ci="12" mb="0" cb="4"/><line nr="150" mi="0" ci="14" mb="0" cb="0"/><line nr="152" mi="0" ci="5" mb="0" cb="0"/><line nr="163" mi="0" ci="3" mb="0" cb="0"/><line nr="165" mi="0" ci="14" mb="0" cb="0"/><line nr="166" mi="0" ci="1" mb="0" cb="0"/><line nr="168" mi="2" ci="14" mb="1" cb="3"/><line nr="169" mi="0" ci="10" mb="0" cb="2"/><line nr="170" mi="0" ci="26" mb="0" cb="4"/><line nr="171" mi="0" ci="23" mb="0" cb="2"/><line nr="172" mi="0" ci="2" mb="0" cb="0"/><line nr="173" mi="0" ci="31" mb="0" cb="4"/><line nr="182" mi="0" ci="3" mb="0" cb="0"/><line nr="192" mi="0" ci="19" mb="0" cb="0"/><line nr="193" mi="0" ci="6" mb="0" cb="0"/><line nr="194" mi="0" ci="1" mb="0" cb="0"/><counter type="INSTRUCTION" missed="3" covered="521"/><counter type="BRANCH" missed="3" covered="51"/><counter type="LINE" missed="0" covered="41"/><counter type="COMPLEXITY" missed="3" covered="37"/><counter type="METHOD" missed="0" covered="13"/><counter type="CLASS" missed="0" covered="1"/></sourcefile><counter type="INSTRUCTION" missed="3" covered="932"/><counter type="BRANCH" missed="11" covered="83"/><counter type="LINE" missed="0" covered="84"/><counter type="COMPLEXITY" missed="11" covered="61"/><counter type="METHOD" missed="0" covered="25"/><counter type="CLASS" missed="0" covered="4"/></package><package name="pl/wrzasq/cform/macro/model"><class name="pl/wrzasq/cform/macro/model/CloudFormationMacroRequest" sourcefilename="CloudFormationMacroRequest.kt"><method name="&lt;init&gt;" desc="(Ljava/lang/String;Ljava/util/Map;)V" line="16"><counter type="INSTRUCTION" missed="0" covered="15"/><counter type="LINE" missed="0" covered="3"/><counter type="COMPLEXITY" missed="0" covered="1"/><counter type="METHOD" missed="0" covered="1"/></method><method name="getRequestId" desc="()Ljava/lang/String;" line="17"><counter type="INSTRUCTION" missed="0" covered="3"/><counter type="LINE" missed="0" covered="1"/><counter type="COMPLEXITY" missed="0" covered="1"/><counter type="METHOD" missed="0" covered="1"/></method><method name="getFragment" desc="()Ljava/util/Map;" line="18"><counter type="INSTRUCTION" missed="0" covered="3"/><counter type="LINE" missed="0" covered="1"/><counter type="COMPLEXITY" missed="0" covered="1"/><counter type="METHOD" missed="0" covered="1"/></method><counter type="INSTRUCTION" missed="0" covered="21"/><counter type="LINE" missed="0" covered="3"/><counter type="COMPLEXITY" missed="0" covered="3"/><counter type="METHOD" missed="0" covered="3"/><counter type="CLASS" missed="0" covered="1"/></class><class name="pl/wrzasq/cform/macro/model/ResourceDefinition" sourcefilename="ResourceDefinition.kt"><method name="&lt;init&gt;" desc="(Ljava/lang/String;Ljava/lang/String;Ljava/lang/String;Ljava/util/List;Ljava/util/Map;)V" line="19"><counter type="INSTRUCTION" missed="0" covered="30"/><counter type="LINE" missed="0" covered="6"/><counter type="COMPLEXITY" missed="0" covered="1"/><counter type="METHOD" missed="0" covered="1"/></method><method name="&lt;init&gt;" desc="(Ljava/lang/String;Ljava/lang/String;Ljava/lang/String;Ljava/util/List;Ljava/util/Map;ILkotlin/jvm/internal/DefaultConstructorMarker;)V" line="19"><counter type="INSTRUCTION" missed="0" covered="23"/><counter type="LINE" missed="0" covered="5"/><counter type="COMPLEXITY" missed="0" covered="1"/><counter type="METHOD" missed="0" covered="1"/></method><method name="getId" desc="()Ljava/lang/String;" line="20"><counter type="INSTRUCTION" missed="0" covered="3"/><counter type="LINE" missed="0" covered="1"/><counter type="COMPLEXITY" missed="0" covered="1"/><counter type="METHOD" missed="0" covered="1"/></method><method name="getType" desc="()Ljava/lang/String;" line="21"><counter type="INSTRUCTION" missed="0" covered="3"/><counter type="LINE" missed="0" covered="1"/><counter type="COMPLEXITY" missed="0" covered="1"/><counter type="METHOD" missed="0" covered="1"/></method><method name="getCondition" desc="()Ljava/lang/String;" line="22"><counter type="INSTRUCTION" missed="0" covered="3"/><counter type="LINE" missed="0" covered="1"/><counter type="COMPLEXITY" missed="0" covered="1"/><counter type="METHOD" missed="0" covered="1"/></method><method name="getDependsOn" desc="()Ljava/util/List;" line="23"><counter type="INSTRUCTION" missed="0" covered="3"/><counter type="LINE" missed="0" covered="1"/><counter type="COMPLEXITY" missed="0" covered="1"/><counter type="METHOD" missed="0" covered="1"/></method><method name="getProperties" desc="()Ljava/util/Map;" line="24"><counter type="INSTRUCTION" missed="0" covered="3"/><counter type="LINE" missed="0" covered="1"/><counter type="COMPLEXITY" missed="0" covered="1"/><counter type="METHOD" missed="0" covered="1"/></method><counter type="INSTRUCTION" missed="0" covered="68"/><counter type="LINE" missed="0" covered="7"/><counter type="COMPLEXITY" missed="0" covered="7"/><counter type="METHOD" missed="0" covered="7"/><counter type="CLASS" missed="0" covered="1"/></class><class name="pl/wrzasq/cform/macro/model/CloudFormationMacroResponse" sourcefilename="CloudFormationMacroResponse.kt"><method name="&lt;init&gt;" desc="(Ljava/lang/String;Ljava/lang/String;Ljava/util/Map;)V" line="17"><counter type="INSTRUCTION" missed="0" covered="21"/><counter type="LINE" missed="0" covered="4"/><counter type="COMPLEXITY" missed="0" covered="1"/><counter type="METHOD" missed="0" covered="1"/></method><method name="&lt;init&gt;" desc="(Ljava/lang/String;Ljava/lang/String;Ljava/util/Map;ILkotlin/jvm/internal/DefaultConstructorMarker;)V" line="17"><counter type="INSTRUCTION" missed="0" covered="11"/><counter type="LINE" missed="0" covered="3"/><counter type="COMPLEXITY" missed="0" covered="1"/><counter type="METHOD" missed="0" covered="1"/></method><method name="getRequestId" desc="()Ljava/lang/String;" line="18"><counter type="INSTRUCTION" missed="0" covered="3"/><counter type="LINE" missed="0" covered="1"/><counter type="COMPLEXITY" missed="0" covered="1"/><counter type="METHOD" missed="0" covered="1"/></method><method name="getStatus" desc="()Ljava/lang/String;" line="19"><counter type="INSTRUCTION" missed="3" covered="0"/><counter type="LINE" missed="1" covered="0"/><counter type="COMPLEXITY" missed="1" covered="0"/><counter type="METHOD" missed="1" covered="0"/></method><method name="getFragment" desc="()Ljava/util/Map;" line="20"><counter type="INSTRUCTION" missed="0" covered="3"/><counter type="LINE" missed="0" covered="1"/><counter type="COMPLEXITY" missed="0" covered="1"/><counter type="METHOD" missed="0" covered="1"/></method><counter type="INSTRUCTION" missed="3" covered="38"/><counter type="LINE" missed="0" covered="5"/><counter type="COMPLEXITY" missed="1" covered="4"/><counter type="METHOD" missed="1" covered="4"/><counter type="CLASS" missed="0" covered="1"/></class><sourcefile name="ResourceDefinition.kt"><line nr="19" mi="0" ci="19" mb="0" cb="0"/><line nr="20" mi="0" ci="6" mb="0" cb="0"/><line nr="21" mi="0" ci="6" mb="0" cb="0"/><line nr="22" mi="0" ci="8" mb="0" cb="0"/><line nr="23" mi="0" ci="8" mb="0" cb="0"/><line nr="24" mi="0" ci="8" mb="0" cb="0"/><line nr="25" mi="0" ci="1" mb="0" cb="0"/><counter type="INSTRUCTION" missed="0" covered="68"/><counter type="LINE" missed="0" covered="7"/><counter type="COMPLEXITY" missed="0" covered="7"/><counter type="METHOD" missed="0" covered="7"/><counter type="CLASS" missed="0" covered="1"/></sourcefile><sourcefile name="CloudFormationMacroRequest.kt"><line nr="16" mi="0" ci="3" mb="0" cb="0"/><line nr="17" mi="0" ci="6" mb="0" cb="0"/><line nr="18" mi="0" ci="6" mb="0" cb="0"/><counter type="INSTRUCTION" missed="0" covered="21"/><counter type="LINE" missed="0" covered="3"/><counter type="COMPLEXITY" missed="0" covered="3"/><counter type="METHOD" missed="0" covered="3"/><counter type="CLASS" missed="0" covered="1"/></sourcefile><sourcefile name="CloudFormationMacroResponse.kt"><line nr="17" mi="0" ci="11" mb="0" cb="0"/><line nr="18" mi="0" ci="6" mb="0" cb="0"/><line nr="19" mi="3" ci="5" mb="0" cb="0"/><line nr="20" mi="0" ci="6" mb="0" cb="0"/><line nr="21" mi="0" ci="1" mb="0" cb="0"/><counter type="INSTRUCTION" missed="3" covered="38"/><counter type="LINE" missed="0" covered="5"/><counter type="COMPLEXITY" missed="1" covered="4"/><counter type="METHOD" missed="1" covered="4"/><counter type="CLASS" missed="0" covered="1"/></sourcefile><counter type="INSTRUCTION" missed="3" covered="127"/><counter type="LINE" missed="0" covered="15"/><counter type="COMPLEXITY" missed="1" covered="14"/><counter type="METHOD" missed="1" covered="14"/><counter type="CLASS" missed="0" covered="3"/></package><counter type="INSTRUCTION" missed="425" covered="6848"/><counter type="BRANCH" missed="41" covered="329"/><counter type="LINE" missed="29" covered="770"/><counter type="COMPLEXITY" missed="73" covered="363"/><counter type="METHOD" missed="34" covered="214"/><counter type="CLASS" missed="14" covered="76"/></report>