GROUP,PACKAGE,CLASS,INSTRUCTION_MISSED,INSTRUCTION_COVERED,BRANCH_MISSED,BRANCH_COVERED,LINE_MISSED,LINE_COVERED,COMPLEXITY_MISSED,COMPLEXITY_COVERED,METHOD_MISSED,METHOD_COVERED
CloudFormation macro processor.,pl.wrzasq.cform.macro.apigateway,ApiMethod,3,260,0,6,0,44,1,11,1,8
CloudFormation macro processor.,pl.wrzasq.cform.macro.apigateway,ApiAuthorizer,3,111,0,2,0,20,1,6,1,5
CloudFormation macro processor.,pl.wrzasq.cform.macro.apigateway,ApiRequestValidator,3,70,0,0,0,14,1,3,1,3
CloudFormation macro processor.,pl.wrzasq.cform.macro.apigateway,ApiModel,3,109,2,2,0,24,3,4,1,4
CloudFormation macro processor.,pl.wrzasq.cform.macro.apigateway,ApiGatewayKt,0,20,0,0,0,2,0,2,0,2
CloudFormation macro processor.,pl.wrzasq.cform.macro.apigateway,ApiGateway,15,784,3,36,1,86,4,35,1,15
CloudFormation macro processor.,pl.wrzasq.cform.macro.apigateway,UtilsKt,0,11,0,0,0,2,0,1,0,1
CloudFormation macro processor.,pl.wrzasq.cform.macro.apigateway,ApiTemplateResourceKt,6,5,0,0,1,1,1,1,1,1
CloudFormation macro processor.,pl.wrzasq.cform.macro.apigateway,ApiMethodKt,1,67,1,3,1,13,1,5,0,4
CloudFormation macro processor.,pl.wrzasq.cform.macro.apigateway,ApiGatewayManagerKt,0,11,0,0,0,2,0,1,0,1
CloudFormation macro processor.,pl.wrzasq.cform.macro.apigateway,ApiGatewayManager,4,343,2,20,0,44,2,20,0,11
CloudFormation macro processor.,pl.wrzasq.cform.macro.apigateway,ApiResource,3,68,0,0,0,14,1,3,1,3
CloudFormation macro processor.,pl.wrzasq.cform.macro.matrix,MatricesManager,24,462,5,37,0,51,5,28,0,12
CloudFormation macro processor.,pl.wrzasq.cform.macro.matrix,Matrix,36,145,2,6,0,23,2,9,0,7
CloudFormation macro processor.,pl.wrzasq.cform.macro.matrix,MatricesManagerKt,0,26,0,0,0,5,0,2,0,2
CloudFormation macro processor.,pl.wrzasq.cform.macro,Handler,0,60,0,0,0,11,0,2,0,2
CloudFormation macro processor.,pl.wrzasq.cform.macro.config,LambdaResourcesFactory.Companion,0,6,0,0,0,1,0,1,0,1
CloudFormation macro processor.,pl.wrzasq.cform.macro.config,LambdaResourcesFactory,343,23,0,0,33,6,32,2,32,2
CloudFormation macro processor.,pl.wrzasq.cform.macro.pipeline.types,CloudFormationDeploy,0,173,2,14,0,25,2,11,0,5
CloudFormation macro processor.,pl.wrzasq.cform.macro.pipeline.types,CodeBuild,0,35,0,2,0,6,0,4,0,3
CloudFormation macro processor.,pl.wrzasq.cform.macro.pipeline.types,S3Deploy,3,76,0,6,0,10,1,8,1,5
CloudFormation macro processor.,pl.wrzasq.cform.macro.pipeline.types,S3Promote,0,72,0,2,0,13,0,4,0,3
CloudFormation macro processor.,pl.wrzasq.cform.macro.pipeline.types,S3Source,0,88,0,4,0,9,0,6,0,4
CloudFormation macro processor.,pl.wrzasq.cform.macro.pipeline.types,GenericAction,0,28,0,0,0,7,0,2,0,2
CloudFormation macro processor.,pl.wrzasq.cform.macro.pipeline.types,BaseActionKt,1,111,3,11,0,18,3,9,0,5
CloudFormation macro processor.,pl.wrzasq.cform.macro.pipeline.types,BaseAction,1,388,1,33,0,50,1,32,0,16
CloudFormation macro processor.,pl.wrzasq.cform.macro.pipeline.types,GenericActionKt,0,34,0,4,0,11,0,4,0,2
CloudFormation macro processor.,pl.wrzasq.cform.macro.processors,FnToolkit,0,128,0,4,0,15,0,7,0,5
CloudFormation macro processor.,pl.wrzasq.cform.macro.processors,ApiGatewayDefinition,0,78,0,4,0,13,0,6,0,4
CloudFormation macro processor.,pl.wrzasq.cform.macro.processors,AutomaticLogGroupsKt,0,34,0,0,0,4,0,1,0,1
CloudFormation macro processor.,pl.wrzasq.cform.macro.processors,AutomaticLogGroups,0,99,1,5,0,16,1,7,0,5
CloudFormation macro processor.,pl.wrzasq.cform.macro.processors,MatricesExpander,0,91,0,6,0,20,0,8,0,5
CloudFormation macro processor.,pl.wrzasq.cform.macro.processors,DelegatingResourceProcessor,0,80,1,3,0,14,1,6,0,5
CloudFormation macro processor.,pl.wrzasq.cform.macro.processors,FnToolkitKt,0,6,0,0,0,1,0,1,0,1
CloudFormation macro processor.,pl.wrzasq.cform.macro.processors.types,PipelineDefinition,3,126,2,8,1,24,2,9,0,6
CloudFormation macro processor.,pl.wrzasq.cform.macro.processors.types,CodeBuildSetup,0,160,1,9,0,29,1,12,0,8
CloudFormation macro processor.,pl.wrzasq.cform.macro.processors.types,IamStatements,0,137,0,8,0,29,0,9,0,5
CloudFormation macro processor.,pl.wrzasq.cform.macro.processors.types,ConnectContactFlow,0,35,1,3,0,7,1,5,0,4
CloudFormation macro processor.,pl.wrzasq.cform.macro.processors.types,KinesisStreamMode,0,28,0,2,0,7,0,5,0,4
CloudFormation macro processor.,pl.wrzasq.cform.macro.processors.types,CodeBuildSetupKt,0,25,0,0,0,3,0,1,0,1
CloudFormation macro processor.,pl.wrzasq.cform.macro.processors.types,DynamoDbAttributesDefinitions,0,99,0,0,0,14,0,4,0,4
CloudFormation macro processor.,pl.wrzasq.cform.macro.processors.types,SecretStructure,0,35,0,0,0,5,0,5,0,5
CloudFormation macro processor.,pl.wrzasq.cform.macro.processors.types,DynamoDbAttributesDefinitionsKt,0,31,0,2,0,6,0,4,0,3
CloudFormation macro processor.,pl.wrzasq.cform.macro.processors.types,ConnectContactFlowKt,0,6,0,0,0,2,0,1,0,1
CloudFormation macro processor.,pl.wrzasq.cform.macro.template,CompiledFragmentKt,0,25,0,0,0,3,0,1,0,1
CloudFormation macro processor.,pl.wrzasq.cform.macro.template,CompiledFragment,3,265,4,40,0,35,4,24,0,6
CloudFormation macro processor.,pl.wrzasq.cform.macro.template,Fn,0,267,8,24,0,27,8,14,0,6
CloudFormation macro processor.,pl.wrzasq.cform.macro.template,CallsExpander,0,96,0,8,0,15,0,8,0,4
CloudFormation macro processor.,pl.wrzasq.cform.macro.template,FnKt,0,7,0,0,0,1,0,2,0,2
CloudFormation macro processor.,pl.wrzasq.cform.macro.template,UtilsKt,2,344,7,45,0,41,7,32,0,13
CloudFormation macro processor.,pl.wrzasq.cform.macro.processors.loggroups,DefaultLogGroupHandler,0,62,0,0,0,10,0,3,0,3
CloudFormation macro processor.,pl.wrzasq.cform.macro.pipeline,PipelineManager,24,553,5,37,0,71,3,33,0,15
CloudFormation macro processor.,pl.wrzasq.cform.macro.pipeline,PipelineAction,1,0,0,0,1,0,1,0,1,0
CloudFormation macro processor.,pl.wrzasq.cform.macro.pipeline,PipelineStage,0,66,0,0,0,9,0,4,0,4
CloudFormation macro processor.,pl.wrzasq.cform.macro.pipeline,PipelineManagerKt,0,15,1,3,0,1,1,2,0,1
CloudFormation macro processor.,pl.wrzasq.cform.macro.model,CloudFormationMacroRequest,0,21,0,0,0,4,0,4,0,4
CloudFormation macro processor.,pl.wrzasq.cform.macro.model,ResourceDefinition,0,56,0,0,0,7,0,7,0,7
CloudFormation macro processor.,pl.wrzasq.cform.macro.model,CloudFormationMacroResponse,3,29,0,0,0,6,1,4,1,4
